<?xml version="1.0" encoding="UTF-8"?>
<!-- Generated by org.testng.reporters.JUnitXMLReporter -->
<testsuite ignored="0" hostname="LAPTOP-N3N33JA0" failures="1" tests="1" name="Surefire test" time="8.424" errors="0" timestamp="2021-07-22T20:21:38 PDT">
  <testcase classname="cucumber.api.testng.AbstractTestNGCucumberTests" name="feature" time="4.502">
    <failure type="cucumber.runtime.CucumberException" message="java.lang.StackOverflowError">
      <![CDATA[cucumber.runtime.CucumberException: java.lang.StackOverflowError
at cucumber.api.testng.TestNGCucumberRunner.runCucumber(TestNGCucumberRunner.java:69)
at cucumber.api.testng.AbstractTestNGCucumberTests.feature(AbstractTestNGCucumberTests.java:21)
at java.base/java.util.ArrayList.forEach(ArrayList.java:1540)
Caused by: java.lang.StackOverflowError
at java.base/java.util.HashMap.hash(HashMap.java:339)
at java.base/java.util.HashMap.put(HashMap.java:607)
at java.base/java.util.HashSet.add(HashSet.java:220)
at org.openqa.selenium.support.AbstractFindByBuilder.assertValidFindBy(AbstractFindByBuilder.java:97)
at org.openqa.selenium.support.FindBy$FindByBuilder.buildIt(FindBy.java:82)
at org.openqa.selenium.support.pagefactory.Annotations.buildBy(Annotations.java:77)
at org.openqa.selenium.support.pagefactory.DefaultElementLocator.<init>(DefaultElementLocator.java:58)
at org.openqa.selenium.support.pagefactory.DefaultElementLocator.<init>(DefaultElementLocator.java:46)
at org.openqa.selenium.support.pagefactory.DefaultElementLocatorFactory.createLocator(DefaultElementLocatorFactory.java:32)
at org.openqa.selenium.support.pagefactory.DefaultFieldDecorator.decorate(DefaultFieldDecorator.java:56)
at org.openqa.selenium.support.PageFactory.proxyFields(PageFactory.java:113)
at org.openqa.selenium.support.PageFactory.initElements(PageFactory.java:105)
at org.openqa.selenium.support.PageFactory.initElements(PageFactory.java:92)
at org.openqa.selenium.support.PageFactory.initElements(PageFactory.java:79)
at com.bangladesh.PageLacoter.LoginPageLocator.<init>(LoginPageLocator.java:17)
at com.bangladesh.PageAction.LoginPageAction.<init>(LoginPageAction.java:10)
at com.bangladesh.PageAction.LoginPageAction.<init>(LoginPageAction.java:11)
at com.bangladesh.PageAction.LoginPageAction.<init>(LoginPageAction.java:11)
at com.bangladesh.PageAction.LoginPageAction.<init>(LoginPageAction.java:11)
at com.bangladesh.PageAction.LoginPageAction.<init>(LoginPageAction.java:11)
at com.bangladesh.PageAction.LoginPageAction.<init>(LoginPageAction.java:11)
at com.bangladesh.PageAction.LoginPageAction.<init>(LoginPageAction.java:11)
at com.bangladesh.PageAction.LoginPageAction.<init>(LoginPageAction.java:11)
at com.bangladesh.PageAction.LoginPageAction.<init>(LoginPageAction.java:11)
at com.bangladesh.PageAction.LoginPageAction.<init>(LoginPageAction.java:11)
at com.bangladesh.PageAction.LoginPageAction.<init>(LoginPageAction.java:11)
at com.bangladesh.PageAction.LoginPageAction.<init>(LoginPageAction.java:11)
at com.bangladesh.PageAction.LoginPageAction.<init>(LoginPageAction.java:11)
at com.bangladesh.PageAction.LoginPageAction.<init>(LoginPageAction.java:11)
at com.bangladesh.PageAction.LoginPageAction.<init>(LoginPageAction.java:11)
at com.bangladesh.PageAction.LoginPageAction.<init>(LoginPageAction.java:11)
at com.bangladesh.PageAction.LoginPageAction.<init>(LoginPageAction.java:11)
at com.bangladesh.PageAction.LoginPageAction.<init>(LoginPageAction.java:11)
at com.bangladesh.PageAction.LoginPageAction.<init>(LoginPageAction.java:11)
at com.bangladesh.PageAction.LoginPageAction.<init>(LoginPageAction.java:11)
at com.bangladesh.PageAction.LoginPageAction.<init>(LoginPageAction.java:11)
at com.bangladesh.PageAction.LoginPageAction.<init>(LoginPageAction.java:11)
at com.bangladesh.PageAction.LoginPageAction.<init>(LoginPageAction.java:11)
at com.bangladesh.PageAction.LoginPageAction.<init>(LoginPageAction.java:11)
at com.bangladesh.PageAction.LoginPageAction.<init>(LoginPageAction.java:11)
at com.bangladesh.PageAction.LoginPageAction.<init>(LoginPageAction.java:11)
at com.bangladesh.PageAction.LoginPageAction.<init>(LoginPageAction.java:11)
at com.bangladesh.PageAction.LoginPageAction.<init>(LoginPageAction.java:11)
at com.bangladesh.PageAction.LoginPageAction.<init>(LoginPageAction.java:11)
at com.bangladesh.PageAction.LoginPageAction.<init>(LoginPageAction.java:11)
at com.bangladesh.PageAction.LoginPageAction.<init>(LoginPageAction.java:11)
at com.bangladesh.PageAction.LoginPageAction.<init>(LoginPageAction.java:11)
at com.bangladesh.PageAction.LoginPageAction.<init>(LoginPageAction.java:11)
at com.bangladesh.PageAction.LoginPageAction.<init>(LoginPageAction.java:11)
at com.bangladesh.PageAction.LoginPageAction.<init>(LoginPageAction.java:11)
at com.bangladesh.PageAction.LoginPageAction.<init>(LoginPageAction.java:11)
at com.bangladesh.PageAction.LoginPageAction.<init>(LoginPageAction.java:11)
at com.bangladesh.PageAction.LoginPageAction.<init>(LoginPageAction.java:11)
at com.bangladesh.PageAction.LoginPageAction.<init>(LoginPageAction.java:11)
at com.bangladesh.PageAction.LoginPageAction.<init>(LoginPageAction.java:11)
at com.bangladesh.PageAction.LoginPageAction.<init>(LoginPageAction.java:11)
at com.bangladesh.PageAction.LoginPageAction.<init>(LoginPageAction.java:11)
at com.bangladesh.PageAction.LoginPageAction.<init>(LoginPageAction.java:11)
at com.bangladesh.PageAction.LoginPageAction.<init>(LoginPageAction.java:11)
at com.bangladesh.PageAction.LoginPageAction.<init>(LoginPageAction.java:11)
at com.bangladesh.PageAction.LoginPageAction.<init>(LoginPageAction.java:11)
at com.bangladesh.PageAction.LoginPageAction.<init>(LoginPageAction.java:11)
at com.bangladesh.PageAction.LoginPageAction.<init>(LoginPageAction.java:11)
at com.bangladesh.PageAction.LoginPageAction.<init>(LoginPageAction.java:11)
at com.bangladesh.PageAction.LoginPageAction.<init>(LoginPageAction.java:11)
at com.bangladesh.PageAction.LoginPageAction.<init>(LoginPageAction.java:11)
at com.bangladesh.PageAction.LoginPageAction.<init>(LoginPageAction.java:11)
at com.bangladesh.PageAction.LoginPageAction.<init>(LoginPageAction.java:11)
at com.bangladesh.PageAction.LoginPageAction.<init>(LoginPageAction.java:11)
at com.bangladesh.PageAction.LoginPageAction.<init>(LoginPageAction.java:11)
at com.bangladesh.PageAction.LoginPageAction.<init>(LoginPageAction.java:11)
at com.bangladesh.PageAction.LoginPageAction.<init>(LoginPageAction.java:11)
at com.bangladesh.PageAction.LoginPageAction.<init>(LoginPageAction.java:11)
at com.bangladesh.PageAction.LoginPageAction.<init>(LoginPageAction.java:11)
at com.bangladesh.PageAction.LoginPageAction.<init>(LoginPageAction.java:11)
at com.bangladesh.PageAction.LoginPageAction.<init>(LoginPageAction.java:11)
at com.bangladesh.PageAction.LoginPageAction.<init>(LoginPageAction.java:11)
at com.bangladesh.PageAction.LoginPageAction.<init>(LoginPageAction.java:11)
at com.bangladesh.PageAction.LoginPageAction.<init>(LoginPageAction.java:11)
at com.bangladesh.PageAction.LoginPageAction.<init>(LoginPageAction.java:11)
at com.bangladesh.PageAction.LoginPageAction.<init>(LoginPageAction.java:11)
at com.bangladesh.PageAction.LoginPageAction.<init>(LoginPageAction.java:11)
at com.bangladesh.PageAction.LoginPageAction.<init>(LoginPageAction.java:11)
at com.bangladesh.PageAction.LoginPageAction.<init>(LoginPageAction.java:11)
at com.bangladesh.PageAction.LoginPageAction.<init>(LoginPageAction.java:11)
at com.bangladesh.PageAction.LoginPageAction.<init>(LoginPageAction.java:11)
at com.bangladesh.PageAction.LoginPageAction.<init>(LoginPageAction.java:11)
at com.bangladesh.PageAction.LoginPageAction.<init>(LoginPageAction.java:11)
at com.bangladesh.PageAction.LoginPageAction.<init>(LoginPageAction.java:11)
at com.bangladesh.PageAction.LoginPageAction.<init>(LoginPageAction.java:11)
at com.bangladesh.PageAction.LoginPageAction.<init>(LoginPageAction.java:11)
at com.bangladesh.PageAction.LoginPageAction.<init>(LoginPageAction.java:11)
at com.bangladesh.PageAction.LoginPageAction.<init>(LoginPageAction.java:11)
at com.bangladesh.PageAction.LoginPageAction.<init>(LoginPageAction.java:11)
at com.bangladesh.PageAction.LoginPageAction.<init>(LoginPageAction.java:11)
at com.bangladesh.PageAction.LoginPageAction.<init>(LoginPageAction.java:11)
at com.bangladesh.PageAction.LoginPageAction.<init>(LoginPageAction.java:11)
at com.bangladesh.PageAction.LoginPageAction.<init>(LoginPageAction.java:11)
at com.bangladesh.PageAction.LoginPageAction.<init>(LoginPageAction.java:11)
at com.bangladesh.PageAction.LoginPageAction.<init>(LoginPageAction.java:11)
at com.bangladesh.PageAction.LoginPageAction.<init>(LoginPageAction.java:11)
at com.bangladesh.PageAction.LoginPageAction.<init>(LoginPageAction.java:11)
at com.bangladesh.PageAction.LoginPageAction.<init>(LoginPageAction.java:11)
at com.bangladesh.PageAction.LoginPageAction.<init>(LoginPageAction.java:11)
at com.bangladesh.PageAction.LoginPageAction.<init>(LoginPageAction.java:11)
at com.bangladesh.PageAction.LoginPageAction.<init>(LoginPageAction.java:11)
at com.bangladesh.PageAction.LoginPageAction.<init>(LoginPageAction.java:11)
at com.bangladesh.PageAction.LoginPageAction.<init>(LoginPageAction.java:11)
at com.bangladesh.PageAction.LoginPageAction.<init>(LoginPageAction.java:11)
at com.bangladesh.PageAction.LoginPageAction.<init>(LoginPageAction.java:11)
at com.bangladesh.PageAction.LoginPageAction.<init>(LoginPageAction.java:11)
at com.bangladesh.PageAction.LoginPageAction.<init>(LoginPageAction.java:11)
at com.bangladesh.PageAction.LoginPageAction.<init>(LoginPageAction.java:11)
at com.bangladesh.PageAction.LoginPageAction.<init>(LoginPageAction.java:11)
at com.bangladesh.PageAction.LoginPageAction.<init>(LoginPageAction.java:11)
at com.bangladesh.PageAction.LoginPageAction.<init>(LoginPageAction.java:11)
at com.bangladesh.PageAction.LoginPageAction.<init>(LoginPageAction.java:11)
at com.bangladesh.PageAction.LoginPageAction.<init>(LoginPageAction.java:11)
at com.bangladesh.PageAction.LoginPageAction.<init>(LoginPageAction.java:11)
at com.bangladesh.PageAction.LoginPageAction.<init>(LoginPageAction.java:11)
at com.bangladesh.PageAction.LoginPageAction.<init>(LoginPageAction.java:11)
at com.bangladesh.PageAction.LoginPageAction.<init>(LoginPageAction.java:11)
at com.bangladesh.PageAction.LoginPageAction.<init>(LoginPageAction.java:11)
at com.bangladesh.PageAction.LoginPageAction.<init>(LoginPageAction.java:11)
at com.bangladesh.PageAction.LoginPageAction.<init>(LoginPageAction.java:11)
at com.bangladesh.PageAction.LoginPageAction.<init>(LoginPageAction.java:11)
at com.bangladesh.PageAction.LoginPageAction.<init>(LoginPageAction.java:11)
at com.bangladesh.PageAction.LoginPageAction.<init>(LoginPageAction.java:11)
at com.bangladesh.PageAction.LoginPageAction.<init>(LoginPageAction.java:11)
at com.bangladesh.PageAction.LoginPageAction.<init>(LoginPageAction.java:11)
at com.bangladesh.PageAction.LoginPageAction.<init>(LoginPageAction.java:11)
at com.bangladesh.PageAction.LoginPageAction.<init>(LoginPageAction.java:11)
at com.bangladesh.PageAction.LoginPageAction.<init>(LoginPageAction.java:11)
at com.bangladesh.PageAction.LoginPageAction.<init>(LoginPageAction.java:11)
at com.bangladesh.PageAction.LoginPageAction.<init>(LoginPageAction.java:11)
at com.bangladesh.PageAction.LoginPageAction.<init>(LoginPageAction.java:11)
at com.bangladesh.PageAction.LoginPageAction.<init>(LoginPageAction.java:11)
at com.bangladesh.PageAction.LoginPageAction.<init>(LoginPageAction.java:11)
at com.bangladesh.PageAction.LoginPageAction.<init>(LoginPageAction.java:11)
at com.bangladesh.PageAction.LoginPageAction.<init>(LoginPageAction.java:11)
at com.bangladesh.PageAction.LoginPageAction.<init>(LoginPageAction.java:11)
at com.bangladesh.PageAction.LoginPageAction.<init>(LoginPageAction.java:11)
at com.bangladesh.PageAction.LoginPageAction.<init>(LoginPageAction.java:11)
at com.bangladesh.PageAction.LoginPageAction.<init>(LoginPageAction.java:11)
at com.bangladesh.PageAction.LoginPageAction.<init>(LoginPageAction.java:11)
at com.bangladesh.PageAction.LoginPageAction.<init>(LoginPageAction.java:11)
at com.bangladesh.PageAction.LoginPageAction.<init>(LoginPageAction.java:11)
at com.bangladesh.PageAction.LoginPageAction.<init>(LoginPageAction.java:11)
at com.bangladesh.PageAction.LoginPageAction.<init>(LoginPageAction.java:11)
at com.bangladesh.PageAction.LoginPageAction.<init>(LoginPageAction.java:11)
at com.bangladesh.PageAction.LoginPageAction.<init>(LoginPageAction.java:11)
at com.bangladesh.PageAction.LoginPageAction.<init>(LoginPageAction.java:11)
at com.bangladesh.PageAction.LoginPageAction.<init>(LoginPageAction.java:11)
at com.bangladesh.PageAction.LoginPageAction.<init>(LoginPageAction.java:11)
at com.bangladesh.PageAction.LoginPageAction.<init>(LoginPageAction.java:11)
at com.bangladesh.PageAction.LoginPageAction.<init>(LoginPageAction.java:11)
at com.bangladesh.PageAction.LoginPageAction.<init>(LoginPageAction.java:11)
at com.bangladesh.PageAction.LoginPageAction.<init>(LoginPageAction.java:11)
at com.bangladesh.PageAction.LoginPageAction.<init>(LoginPageAction.java:11)
at com.bangladesh.PageAction.LoginPageAction.<init>(LoginPageAction.java:11)
at com.bangladesh.PageAction.LoginPageAction.<init>(LoginPageAction.java:11)
at com.bangladesh.PageAction.LoginPageAction.<init>(LoginPageAction.java:11)
at com.bangladesh.PageAction.LoginPageAction.<init>(LoginPageAction.java:11)
at com.bangladesh.PageAction.LoginPageAction.<init>(LoginPageAction.java:11)
at com.bangladesh.PageAction.LoginPageAction.<init>(LoginPageAction.java:11)
at com.bangladesh.PageAction.LoginPageAction.<init>(LoginPageAction.java:11)
at com.bangladesh.PageAction.LoginPageAction.<init>(LoginPageAction.java:11)
at com.bangladesh.PageAction.LoginPageAction.<init>(LoginPageAction.java:11)
at com.bangladesh.PageAction.LoginPageAction.<init>(LoginPageAction.java:11)
at com.bangladesh.PageAction.LoginPageAction.<init>(LoginPageAction.java:11)
at com.bangladesh.PageAction.LoginPageAction.<init>(LoginPageAction.java:11)
at com.bangladesh.PageAction.LoginPageAction.<init>(LoginPageAction.java:11)
at com.bangladesh.PageAction.LoginPageAction.<init>(LoginPageAction.java:11)
at com.bangladesh.PageAction.LoginPageAction.<init>(LoginPageAction.java:11)
at com.bangladesh.PageAction.LoginPageAction.<init>(LoginPageAction.java:11)
at com.bangladesh.PageAction.LoginPageAction.<init>(LoginPageAction.java:11)
at com.bangladesh.PageAction.LoginPageAction.<init>(LoginPageAction.java:11)
at com.bangladesh.PageAction.LoginPageAction.<init>(LoginPageAction.java:11)
at com.bangladesh.PageAction.LoginPageAction.<init>(LoginPageAction.java:11)
at com.bangladesh.PageAction.LoginPageAction.<init>(LoginPageAction.java:11)
at com.bangladesh.PageAction.LoginPageAction.<init>(LoginPageAction.java:11)
at com.bangladesh.PageAction.LoginPageAction.<init>(LoginPageAction.java:11)
at com.bangladesh.PageAction.LoginPageAction.<init>(LoginPageAction.java:11)
at com.bangladesh.PageAction.LoginPageAction.<init>(LoginPageAction.java:11)
at com.bangladesh.PageAction.LoginPageAction.<init>(LoginPageAction.java:11)
at com.bangladesh.PageAction.LoginPageAction.<init>(LoginPageAction.java:11)
at com.bangladesh.PageAction.LoginPageAction.<init>(LoginPageAction.java:11)
at com.bangladesh.PageAction.LoginPageAction.<init>(LoginPageAction.java:11)
at com.bangladesh.PageAction.LoginPageAction.<init>(LoginPageAction.java:11)
at com.bangladesh.PageAction.LoginPageAction.<init>(LoginPageAction.java:11)
at com.bangladesh.PageAction.LoginPageAction.<init>(LoginPageAction.java:11)
at com.bangladesh.PageAction.LoginPageAction.<init>(LoginPageAction.java:11)
at com.bangladesh.PageAction.LoginPageAction.<init>(LoginPageAction.java:11)
at com.bangladesh.PageAction.LoginPageAction.<init>(LoginPageAction.java:11)
at com.bangladesh.PageAction.LoginPageAction.<init>(LoginPageAction.java:11)
at com.bangladesh.PageAction.LoginPageAction.<init>(LoginPageAction.java:11)
at com.bangladesh.PageAction.LoginPageAction.<init>(LoginPageAction.java:11)
at com.bangladesh.PageAction.LoginPageAction.<init>(LoginPageAction.java:11)
at com.bangladesh.PageAction.LoginPageAction.<init>(LoginPageAction.java:11)
at com.bangladesh.PageAction.LoginPageAction.<init>(LoginPageAction.java:11)
at com.bangladesh.PageAction.LoginPageAction.<init>(LoginPageAction.java:11)
at com.bangladesh.PageAction.LoginPageAction.<init>(LoginPageAction.java:11)
at com.bangladesh.PageAction.LoginPageAction.<init>(LoginPageAction.java:11)
at com.bangladesh.PageAction.LoginPageAction.<init>(LoginPageAction.java:11)
at com.bangladesh.PageAction.LoginPageAction.<init>(LoginPageAction.java:11)
at com.bangladesh.PageAction.LoginPageAction.<init>(LoginPageAction.java:11)
at com.bangladesh.PageAction.LoginPageAction.<init>(LoginPageAction.java:11)
at com.bangladesh.PageAction.LoginPageAction.<init>(LoginPageAction.java:11)
at com.bangladesh.PageAction.LoginPageAction.<init>(LoginPageAction.java:11)
at com.bangladesh.PageAction.LoginPageAction.<init>(LoginPageAction.java:11)
at com.bangladesh.PageAction.LoginPageAction.<init>(LoginPageAction.java:11)
at com.bangladesh.PageAction.LoginPageAction.<init>(LoginPageAction.java:11)
at com.bangladesh.PageAction.LoginPageAction.<init>(LoginPageAction.java:11)
at com.bangladesh.PageAction.LoginPageAction.<init>(LoginPageAction.java:11)
at com.bangladesh.PageAction.LoginPageAction.<init>(LoginPageAction.java:11)
at com.bangladesh.PageAction.LoginPageAction.<init>(LoginPageAction.java:11)
at com.bangladesh.PageAction.LoginPageAction.<init>(LoginPageAction.java:11)
at com.bangladesh.PageAction.LoginPageAction.<init>(LoginPageAction.java:11)
at com.bangladesh.PageAction.LoginPageAction.<init>(LoginPageAction.java:11)
at com.bangladesh.PageAction.LoginPageAction.<init>(LoginPageAction.java:11)
at com.bangladesh.PageAction.LoginPageAction.<init>(LoginPageAction.java:11)
at com.bangladesh.PageAction.LoginPageAction.<init>(LoginPageAction.java:11)
at com.bangladesh.PageAction.LoginPageAction.<init>(LoginPageAction.java:11)
at com.bangladesh.PageAction.LoginPageAction.<init>(LoginPageAction.java:11)
at com.bangladesh.PageAction.LoginPageAction.<init>(LoginPageAction.java:11)
at com.bangladesh.PageAction.LoginPageAction.<init>(LoginPageAction.java:11)
at com.bangladesh.PageAction.LoginPageAction.<init>(LoginPageAction.java:11)
at com.bangladesh.PageAction.LoginPageAction.<init>(LoginPageAction.java:11)
at com.bangladesh.PageAction.LoginPageAction.<init>(LoginPageAction.java:11)
at com.bangladesh.PageAction.LoginPageAction.<init>(LoginPageAction.java:11)
at com.bangladesh.PageAction.LoginPageAction.<init>(LoginPageAction.java:11)
at com.bangladesh.PageAction.LoginPageAction.<init>(LoginPageAction.java:11)
at com.bangladesh.PageAction.LoginPageAction.<init>(LoginPageAction.java:11)
at com.bangladesh.PageAction.LoginPageAction.<init>(LoginPageAction.java:11)
at com.bangladesh.PageAction.LoginPageAction.<init>(LoginPageAction.java:11)
at com.bangladesh.PageAction.LoginPageAction.<init>(LoginPageAction.java:11)
at com.bangladesh.PageAction.LoginPageAction.<init>(LoginPageAction.java:11)
at com.bangladesh.PageAction.LoginPageAction.<init>(LoginPageAction.java:11)
at com.bangladesh.PageAction.LoginPageAction.<init>(LoginPageAction.java:11)
at com.bangladesh.PageAction.LoginPageAction.<init>(LoginPageAction.java:11)
at com.bangladesh.PageAction.LoginPageAction.<init>(LoginPageAction.java:11)
at com.bangladesh.PageAction.LoginPageAction.<init>(LoginPageAction.java:11)
at com.bangladesh.PageAction.LoginPageAction.<init>(LoginPageAction.java:11)
at com.bangladesh.PageAction.LoginPageAction.<init>(LoginPageAction.java:11)
at com.bangladesh.PageAction.LoginPageAction.<init>(LoginPageAction.java:11)
at com.bangladesh.PageAction.LoginPageAction.<init>(LoginPageAction.java:11)
at com.bangladesh.PageAction.LoginPageAction.<init>(LoginPageAction.java:11)
at com.bangladesh.PageAction.LoginPageAction.<init>(LoginPageAction.java:11)
at com.bangladesh.PageAction.LoginPageAction.<init>(LoginPageAction.java:11)
at com.bangladesh.PageAction.LoginPageAction.<init>(LoginPageAction.java:11)
at com.bangladesh.PageAction.LoginPageAction.<init>(LoginPageAction.java:11)
at com.bangladesh.PageAction.LoginPageAction.<init>(LoginPageAction.java:11)
at com.bangladesh.PageAction.LoginPageAction.<init>(LoginPageAction.java:11)
at com.bangladesh.PageAction.LoginPageAction.<init>(LoginPageAction.java:11)
at com.bangladesh.PageAction.LoginPageAction.<init>(LoginPageAction.java:11)
at com.bangladesh.PageAction.LoginPageAction.<init>(LoginPageAction.java:11)
at com.bangladesh.PageAction.LoginPageAction.<init>(LoginPageAction.java:11)
at com.bangladesh.PageAction.LoginPageAction.<init>(LoginPageAction.java:11)
at com.bangladesh.PageAction.LoginPageAction.<init>(LoginPageAction.java:11)
at com.bangladesh.PageAction.LoginPageAction.<init>(LoginPageAction.java:11)
at com.bangladesh.PageAction.LoginPageAction.<init>(LoginPageAction.java:11)
at com.bangladesh.PageAction.LoginPageAction.<init>(LoginPageAction.java:11)
at com.bangladesh.PageAction.LoginPageAction.<init>(LoginPageAction.java:11)
at com.bangladesh.PageAction.LoginPageAction.<init>(LoginPageAction.java:11)
at com.bangladesh.PageAction.LoginPageAction.<init>(LoginPageAction.java:11)
at com.bangladesh.PageAction.LoginPageAction.<init>(LoginPageAction.java:11)
at com.bangladesh.PageAction.LoginPageAction.<init>(LoginPageAction.java:11)
at com.bangladesh.PageAction.LoginPageAction.<init>(LoginPageAction.java:11)
at com.bangladesh.PageAction.LoginPageAction.<init>(LoginPageAction.java:11)
at com.bangladesh.PageAction.LoginPageAction.<init>(LoginPageAction.java:11)
at com.bangladesh.PageAction.LoginPageAction.<init>(LoginPageAction.java:11)
at com.bangladesh.PageAction.LoginPageAction.<init>(LoginPageAction.java:11)
at com.bangladesh.PageAction.LoginPageAction.<init>(LoginPageAction.java:11)
at com.bangladesh.PageAction.LoginPageAction.<init>(LoginPageAction.java:11)
at com.bangladesh.PageAction.LoginPageAction.<init>(LoginPageAction.java:11)
at com.bangladesh.PageAction.LoginPageAction.<init>(LoginPageAction.java:11)
at com.bangladesh.PageAction.LoginPageAction.<init>(LoginPageAction.java:11)
at com.bangladesh.PageAction.LoginPageAction.<init>(LoginPageAction.java:11)
at com.bangladesh.PageAction.LoginPageAction.<init>(LoginPageAction.java:11)
at com.bangladesh.PageAction.LoginPageAction.<init>(LoginPageAction.java:11)
at com.bangladesh.PageAction.LoginPageAction.<init>(LoginPageAction.java:11)
at com.bangladesh.PageAction.LoginPageAction.<init>(LoginPageAction.java:11)
at com.bangladesh.PageAction.LoginPageAction.<init>(LoginPageAction.java:11)
at com.bangladesh.PageAction.LoginPageAction.<init>(LoginPageAction.java:11)
at com.bangladesh.PageAction.LoginPageAction.<init>(LoginPageAction.java:11)
at com.bangladesh.PageAction.LoginPageAction.<init>(LoginPageAction.java:11)
at com.bangladesh.PageAction.LoginPageAction.<init>(LoginPageAction.java:11)
at com.bangladesh.PageAction.LoginPageAction.<init>(LoginPageAction.java:11)
at com.bangladesh.PageAction.LoginPageAction.<init>(LoginPageAction.java:11)
at com.bangladesh.PageAction.LoginPageAction.<init>(LoginPageAction.java:11)
at com.bangladesh.PageAction.LoginPageAction.<init>(LoginPageAction.java:11)
at com.bangladesh.PageAction.LoginPageAction.<init>(LoginPageAction.java:11)
at com.bangladesh.PageAction.LoginPageAction.<init>(LoginPageAction.java:11)
at com.bangladesh.PageAction.LoginPageAction.<init>(LoginPageAction.java:11)
at com.bangladesh.PageAction.LoginPageAction.<init>(LoginPageAction.java:11)
at com.bangladesh.PageAction.LoginPageAction.<init>(LoginPageAction.java:11)
at com.bangladesh.PageAction.LoginPageAction.<init>(LoginPageAction.java:11)
at com.bangladesh.PageAction.LoginPageAction.<init>(LoginPageAction.java:11)
at com.bangladesh.PageAction.LoginPageAction.<init>(LoginPageAction.java:11)
at com.bangladesh.PageAction.LoginPageAction.<init>(LoginPageAction.java:11)
at com.bangladesh.PageAction.LoginPageAction.<init>(LoginPageAction.java:11)
at com.bangladesh.PageAction.LoginPageAction.<init>(LoginPageAction.java:11)
at com.bangladesh.PageAction.LoginPageAction.<init>(LoginPageAction.java:11)
at com.bangladesh.PageAction.LoginPageAction.<init>(LoginPageAction.java:11)
at com.bangladesh.PageAction.LoginPageAction.<init>(LoginPageAction.java:11)
at com.bangladesh.PageAction.LoginPageAction.<init>(LoginPageAction.java:11)
at com.bangladesh.PageAction.LoginPageAction.<init>(LoginPageAction.java:11)
at com.bangladesh.PageAction.LoginPageAction.<init>(LoginPageAction.java:11)
at com.bangladesh.PageAction.LoginPageAction.<init>(LoginPageAction.java:11)
at com.bangladesh.PageAction.LoginPageAction.<init>(LoginPageAction.java:11)
at com.bangladesh.PageAction.LoginPageAction.<init>(LoginPageAction.java:11)
at com.bangladesh.PageAction.LoginPageAction.<init>(LoginPageAction.java:11)
at com.bangladesh.PageAction.LoginPageAction.<init>(LoginPageAction.java:11)
at com.bangladesh.PageAction.LoginPageAction.<init>(LoginPageAction.java:11)
at com.bangladesh.PageAction.LoginPageAction.<init>(LoginPageAction.java:11)
at com.bangladesh.PageAction.LoginPageAction.<init>(LoginPageAction.java:11)
at com.bangladesh.PageAction.LoginPageAction.<init>(LoginPageAction.java:11)
at com.bangladesh.PageAction.LoginPageAction.<init>(LoginPageAction.java:11)
at com.bangladesh.PageAction.LoginPageAction.<init>(LoginPageAction.java:11)
at com.bangladesh.PageAction.LoginPageAction.<init>(LoginPageAction.java:11)
at com.bangladesh.PageAction.LoginPageAction.<init>(LoginPageAction.java:11)
at com.bangladesh.PageAction.LoginPageAction.<init>(LoginPageAction.java:11)
at com.bangladesh.PageAction.LoginPageAction.<init>(LoginPageAction.java:11)
at com.bangladesh.PageAction.LoginPageAction.<init>(LoginPageAction.java:11)
at com.bangladesh.PageAction.LoginPageAction.<init>(LoginPageAction.java:11)
at com.bangladesh.PageAction.LoginPageAction.<init>(LoginPageAction.java:11)
at com.bangladesh.PageAction.LoginPageAction.<init>(LoginPageAction.java:11)
at com.bangladesh.PageAction.LoginPageAction.<init>(LoginPageAction.java:11)
at com.bangladesh.PageAction.LoginPageAction.<init>(LoginPageAction.java:11)
at com.bangladesh.PageAction.LoginPageAction.<init>(LoginPageAction.java:11)
at com.bangladesh.PageAction.LoginPageAction.<init>(LoginPageAction.java:11)
at com.bangladesh.PageAction.LoginPageAction.<init>(LoginPageAction.java:11)
at com.bangladesh.PageAction.LoginPageAction.<init>(LoginPageAction.java:11)
at com.bangladesh.PageAction.LoginPageAction.<init>(LoginPageAction.java:11)
at com.bangladesh.PageAction.LoginPageAction.<init>(LoginPageAction.java:11)
at com.bangladesh.PageAction.LoginPageAction.<init>(LoginPageAction.java:11)
at com.bangladesh.PageAction.LoginPageAction.<init>(LoginPageAction.java:11)
at com.bangladesh.PageAction.LoginPageAction.<init>(LoginPageAction.java:11)
at com.bangladesh.PageAction.LoginPageAction.<init>(LoginPageAction.java:11)
at com.bangladesh.PageAction.LoginPageAction.<init>(LoginPageAction.java:11)
at com.bangladesh.PageAction.LoginPageAction.<init>(LoginPageAction.java:11)
at com.bangladesh.PageAction.LoginPageAction.<init>(LoginPageAction.java:11)
at com.bangladesh.PageAction.LoginPageAction.<init>(LoginPageAction.java:11)
at com.bangladesh.PageAction.LoginPageAction.<init>(LoginPageAction.java:11)
at com.bangladesh.PageAction.LoginPageAction.<init>(LoginPageAction.java:11)
at com.bangladesh.PageAction.LoginPageAction.<init>(LoginPageAction.java:11)
at com.bangladesh.PageAction.LoginPageAction.<init>(LoginPageAction.java:11)
at com.bangladesh.PageAction.LoginPageAction.<init>(LoginPageAction.java:11)
at com.bangladesh.PageAction.LoginPageAction.<init>(LoginPageAction.java:11)
at com.bangladesh.PageAction.LoginPageAction.<init>(LoginPageAction.java:11)
at com.bangladesh.PageAction.LoginPageAction.<init>(LoginPageAction.java:11)
at com.bangladesh.PageAction.LoginPageAction.<init>(LoginPageAction.java:11)
at com.bangladesh.PageAction.LoginPageAction.<init>(LoginPageAction.java:11)
at com.bangladesh.PageAction.LoginPageAction.<init>(LoginPageAction.java:11)
at com.bangladesh.PageAction.LoginPageAction.<init>(LoginPageAction.java:11)
at com.bangladesh.PageAction.LoginPageAction.<init>(LoginPageAction.java:11)
at com.bangladesh.PageAction.LoginPageAction.<init>(LoginPageAction.java:11)
at com.bangladesh.PageAction.LoginPageAction.<init>(LoginPageAction.java:11)
at com.bangladesh.PageAction.LoginPageAction.<init>(LoginPageAction.java:11)
at com.bangladesh.PageAction.LoginPageAction.<init>(LoginPageAction.java:11)
at com.bangladesh.PageAction.LoginPageAction.<init>(LoginPageAction.java:11)
at com.bangladesh.PageAction.LoginPageAction.<init>(LoginPageAction.java:11)
at com.bangladesh.PageAction.LoginPageAction.<init>(LoginPageAction.java:11)
at com.bangladesh.PageAction.LoginPageAction.<init>(LoginPageAction.java:11)
at com.bangladesh.PageAction.LoginPageAction.<init>(LoginPageAction.java:11)
at com.bangladesh.PageAction.LoginPageAction.<init>(LoginPageAction.java:11)
at com.bangladesh.PageAction.LoginPageAction.<init>(LoginPageAction.java:11)
at com.bangladesh.PageAction.LoginPageAction.<init>(LoginPageAction.java:11)
at com.bangladesh.PageAction.LoginPageAction.<init>(LoginPageAction.java:11)
at com.bangladesh.PageAction.LoginPageAction.<init>(LoginPageAction.java:11)
at com.bangladesh.PageAction.LoginPageAction.<init>(LoginPageAction.java:11)
at com.bangladesh.PageAction.LoginPageAction.<init>(LoginPageAction.java:11)
at com.bangladesh.PageAction.LoginPageAction.<init>(LoginPageAction.java:11)
at com.bangladesh.PageAction.LoginPageAction.<init>(LoginPageAction.java:11)
at com.bangladesh.PageAction.LoginPageAction.<init>(LoginPageAction.java:11)
at com.bangladesh.PageAction.LoginPageAction.<init>(LoginPageAction.java:11)
at com.bangladesh.PageAction.LoginPageAction.<init>(LoginPageAction.java:11)
at com.bangladesh.PageAction.LoginPageAction.<init>(LoginPageAction.java:11)
at com.bangladesh.PageAction.LoginPageAction.<init>(LoginPageAction.java:11)
at com.bangladesh.PageAction.LoginPageAction.<init>(LoginPageAction.java:11)
at com.bangladesh.PageAction.LoginPageAction.<init>(LoginPageAction.java:11)
at com.bangladesh.PageAction.LoginPageAction.<init>(LoginPageAction.java:11)
at com.bangladesh.PageAction.LoginPageAction.<init>(LoginPageAction.java:11)
at com.bangladesh.PageAction.LoginPageAction.<init>(LoginPageAction.java:11)
at com.bangladesh.PageAction.LoginPageAction.<init>(LoginPageAction.java:11)
at com.bangladesh.PageAction.LoginPageAction.<init>(LoginPageAction.java:11)
at com.bangladesh.PageAction.LoginPageAction.<init>(LoginPageAction.java:11)
at com.bangladesh.PageAction.LoginPageAction.<init>(LoginPageAction.java:11)
at com.bangladesh.PageAction.LoginPageAction.<init>(LoginPageAction.java:11)
at com.bangladesh.PageAction.LoginPageAction.<init>(LoginPageAction.java:11)
at com.bangladesh.PageAction.LoginPageAction.<init>(LoginPageAction.java:11)
at com.bangladesh.PageAction.LoginPageAction.<init>(LoginPageAction.java:11)
at com.bangladesh.PageAction.LoginPageAction.<init>(LoginPageAction.java:11)
at com.bangladesh.PageAction.LoginPageAction.<init>(LoginPageAction.java:11)
at com.bangladesh.PageAction.LoginPageAction.<init>(LoginPageAction.java:11)
at com.bangladesh.PageAction.LoginPageAction.<init>(LoginPageAction.java:11)
at com.bangladesh.PageAction.LoginPageAction.<init>(LoginPageAction.java:11)
at com.bangladesh.PageAction.LoginPageAction.<init>(LoginPageAction.java:11)
at com.bangladesh.PageAction.LoginPageAction.<init>(LoginPageAction.java:11)
at com.bangladesh.PageAction.LoginPageAction.<init>(LoginPageAction.java:11)
at com.bangladesh.PageAction.LoginPageAction.<init>(LoginPageAction.java:11)
at com.bangladesh.PageAction.LoginPageAction.<init>(LoginPageAction.java:11)
at com.bangladesh.PageAction.LoginPageAction.<init>(LoginPageAction.java:11)
at com.bangladesh.PageAction.LoginPageAction.<init>(LoginPageAction.java:11)
at com.bangladesh.PageAction.LoginPageAction.<init>(LoginPageAction.java:11)
at com.bangladesh.PageAction.LoginPageAction.<init>(LoginPageAction.java:11)
at com.bangladesh.PageAction.LoginPageAction.<init>(LoginPageAction.java:11)
at com.bangladesh.PageAction.LoginPageAction.<init>(LoginPageAction.java:11)
at com.bangladesh.PageAction.LoginPageAction.<init>(LoginPageAction.java:11)
at com.bangladesh.PageAction.LoginPageAction.<init>(LoginPageAction.java:11)
at com.bangladesh.PageAction.LoginPageAction.<init>(LoginPageAction.java:11)
at com.bangladesh.PageAction.LoginPageAction.<init>(LoginPageAction.java:11)
at com.bangladesh.PageAction.LoginPageAction.<init>(LoginPageAction.java:11)
at com.bangladesh.PageAction.LoginPageAction.<init>(LoginPageAction.java:11)
at com.bangladesh.PageAction.LoginPageAction.<init>(LoginPageAction.java:11)
at com.bangladesh.PageAction.LoginPageAction.<init>(LoginPageAction.java:11)
at com.bangladesh.PageAction.LoginPageAction.<init>(LoginPageAction.java:11)
at com.bangladesh.PageAction.LoginPageAction.<init>(LoginPageAction.java:11)
at com.bangladesh.PageAction.LoginPageAction.<init>(LoginPageAction.java:11)
at com.bangladesh.PageAction.LoginPageAction.<init>(LoginPageAction.java:11)
at com.bangladesh.PageAction.LoginPageAction.<init>(LoginPageAction.java:11)
at com.bangladesh.PageAction.LoginPageAction.<init>(LoginPageAction.java:11)
at com.bangladesh.PageAction.LoginPageAction.<init>(LoginPageAction.java:11)
at com.bangladesh.PageAction.LoginPageAction.<init>(LoginPageAction.java:11)
at com.bangladesh.PageAction.LoginPageAction.<init>(LoginPageAction.java:11)
at com.bangladesh.PageAction.LoginPageAction.<init>(LoginPageAction.java:11)
at com.bangladesh.PageAction.LoginPageAction.<init>(LoginPageAction.java:11)
at com.bangladesh.PageAction.LoginPageAction.<init>(LoginPageAction.java:11)
at com.bangladesh.PageAction.LoginPageAction.<init>(LoginPageAction.java:11)
at com.bangladesh.PageAction.LoginPageAction.<init>(LoginPageAction.java:11)
at com.bangladesh.PageAction.LoginPageAction.<init>(LoginPageAction.java:11)
at com.bangladesh.PageAction.LoginPageAction.<init>(LoginPageAction.java:11)
at com.bangladesh.PageAction.LoginPageAction.<init>(LoginPageAction.java:11)
at com.bangladesh.PageAction.LoginPageAction.<init>(LoginPageAction.java:11)
at com.bangladesh.PageAction.LoginPageAction.<init>(LoginPageAction.java:11)
at com.bangladesh.PageAction.LoginPageAction.<init>(LoginPageAction.java:11)
at com.bangladesh.PageAction.LoginPageAction.<init>(LoginPageAction.java:11)
at com.bangladesh.PageAction.LoginPageAction.<init>(LoginPageAction.java:11)
at com.bangladesh.PageAction.LoginPageAction.<init>(LoginPageAction.java:11)
at com.bangladesh.PageAction.LoginPageAction.<init>(LoginPageAction.java:11)
at com.bangladesh.PageAction.LoginPageAction.<init>(LoginPageAction.java:11)
at com.bangladesh.PageAction.LoginPageAction.<init>(LoginPageAction.java:11)
at com.bangladesh.PageAction.LoginPageAction.<init>(LoginPageAction.java:11)
at com.bangladesh.PageAction.LoginPageAction.<init>(LoginPageAction.java:11)
at com.bangladesh.PageAction.LoginPageAction.<init>(LoginPageAction.java:11)
at com.bangladesh.PageAction.LoginPageAction.<init>(LoginPageAction.java:11)
at com.bangladesh.PageAction.LoginPageAction.<init>(LoginPageAction.java:11)
at com.bangladesh.PageAction.LoginPageAction.<init>(LoginPageAction.java:11)
at com.bangladesh.PageAction.LoginPageAction.<init>(LoginPageAction.java:11)
at com.bangladesh.PageAction.LoginPageAction.<init>(LoginPageAction.java:11)
at com.bangladesh.PageAction.LoginPageAction.<init>(LoginPageAction.java:11)
at com.bangladesh.PageAction.LoginPageAction.<init>(LoginPageAction.java:11)
at com.bangladesh.PageAction.LoginPageAction.<init>(LoginPageAction.java:11)
at com.bangladesh.PageAction.LoginPageAction.<init>(LoginPageAction.java:11)
at com.bangladesh.PageAction.LoginPageAction.<init>(LoginPageAction.java:11)
at com.bangladesh.PageAction.LoginPageAction.<init>(LoginPageAction.java:11)
at com.bangladesh.PageAction.LoginPageAction.<init>(LoginPageAction.java:11)
at com.bangladesh.PageAction.LoginPageAction.<init>(LoginPageAction.java:11)
at com.bangladesh.PageAction.LoginPageAction.<init>(LoginPageAction.java:11)
at com.bangladesh.PageAction.LoginPageAction.<init>(LoginPageAction.java:11)
at com.bangladesh.PageAction.LoginPageAction.<init>(LoginPageAction.java:11)
at com.bangladesh.PageAction.LoginPageAction.<init>(LoginPageAction.java:11)
at com.bangladesh.PageAction.LoginPageAction.<init>(LoginPageAction.java:11)
at com.bangladesh.PageAction.LoginPageAction.<init>(LoginPageAction.java:11)
at com.bangladesh.PageAction.LoginPageAction.<init>(LoginPageAction.java:11)
at com.bangladesh.PageAction.LoginPageAction.<init>(LoginPageAction.java:11)
at com.bangladesh.PageAction.LoginPageAction.<init>(LoginPageAction.java:11)
at com.bangladesh.PageAction.LoginPageAction.<init>(LoginPageAction.java:11)
at com.bangladesh.PageAction.LoginPageAction.<init>(LoginPageAction.java:11)
at com.bangladesh.PageAction.LoginPageAction.<init>(LoginPageAction.java:11)
at com.bangladesh.PageAction.LoginPageAction.<init>(LoginPageAction.java:11)
at com.bangladesh.PageAction.LoginPageAction.<init>(LoginPageAction.java:11)
at com.bangladesh.PageAction.LoginPageAction.<init>(LoginPageAction.java:11)
at com.bangladesh.PageAction.LoginPageAction.<init>(LoginPageAction.java:11)
at com.bangladesh.PageAction.LoginPageAction.<init>(LoginPageAction.java:11)
at com.bangladesh.PageAction.LoginPageAction.<init>(LoginPageAction.java:11)
at com.bangladesh.PageAction.LoginPageAction.<init>(LoginPageAction.java:11)
at com.bangladesh.PageAction.LoginPageAction.<init>(LoginPageAction.java:11)
at com.bangladesh.PageAction.LoginPageAction.<init>(LoginPageAction.java:11)
at com.bangladesh.PageAction.LoginPageAction.<init>(LoginPageAction.java:11)
at com.bangladesh.PageAction.LoginPageAction.<init>(LoginPageAction.java:11)
at com.bangladesh.PageAction.LoginPageAction.<init>(LoginPageAction.java:11)
at com.bangladesh.PageAction.LoginPageAction.<init>(LoginPageAction.java:11)
at com.bangladesh.PageAction.LoginPageAction.<init>(LoginPageAction.java:11)
at com.bangladesh.PageAction.LoginPageAction.<init>(LoginPageAction.java:11)
at com.bangladesh.PageAction.LoginPageAction.<init>(LoginPageAction.java:11)
at com.bangladesh.PageAction.LoginPageAction.<init>(LoginPageAction.java:11)
at com.bangladesh.PageAction.LoginPageAction.<init>(LoginPageAction.java:11)
at com.bangladesh.PageAction.LoginPageAction.<init>(LoginPageAction.java:11)
at com.bangladesh.PageAction.LoginPageAction.<init>(LoginPageAction.java:11)
at com.bangladesh.PageAction.LoginPageAction.<init>(LoginPageAction.java:11)
at com.bangladesh.PageAction.LoginPageAction.<init>(LoginPageAction.java:11)
at com.bangladesh.PageAction.LoginPageAction.<init>(LoginPageAction.java:11)
at com.bangladesh.PageAction.LoginPageAction.<init>(LoginPageAction.java:11)
at com.bangladesh.PageAction.LoginPageAction.<init>(LoginPageAction.java:11)
at com.bangladesh.PageAction.LoginPageAction.<init>(LoginPageAction.java:11)
at com.bangladesh.PageAction.LoginPageAction.<init>(LoginPageAction.java:11)
at com.bangladesh.PageAction.LoginPageAction.<init>(LoginPageAction.java:11)
at com.bangladesh.PageAction.LoginPageAction.<init>(LoginPageAction.java:11)
at com.bangladesh.PageAction.LoginPageAction.<init>(LoginPageAction.java:11)
at com.bangladesh.PageAction.LoginPageAction.<init>(LoginPageAction.java:11)
at com.bangladesh.PageAction.LoginPageAction.<init>(LoginPageAction.java:11)
at com.bangladesh.PageAction.LoginPageAction.<init>(LoginPageAction.java:11)
at com.bangladesh.PageAction.LoginPageAction.<init>(LoginPageAction.java:11)
at com.bangladesh.PageAction.LoginPageAction.<init>(LoginPageAction.java:11)
at com.bangladesh.PageAction.LoginPageAction.<init>(LoginPageAction.java:11)
at com.bangladesh.PageAction.LoginPageAction.<init>(LoginPageAction.java:11)
at com.bangladesh.PageAction.LoginPageAction.<init>(LoginPageAction.java:11)
at com.bangladesh.PageAction.LoginPageAction.<init>(LoginPageAction.java:11)
at com.bangladesh.PageAction.LoginPageAction.<init>(LoginPageAction.java:11)
at com.bangladesh.PageAction.LoginPageAction.<init>(LoginPageAction.java:11)
at com.bangladesh.PageAction.LoginPageAction.<init>(LoginPageAction.java:11)
at com.bangladesh.PageAction.LoginPageAction.<init>(LoginPageAction.java:11)
at com.bangladesh.PageAction.LoginPageAction.<init>(LoginPageAction.java:11)
at com.bangladesh.PageAction.LoginPageAction.<init>(LoginPageAction.java:11)
at com.bangladesh.PageAction.LoginPageAction.<init>(LoginPageAction.java:11)
at com.bangladesh.PageAction.LoginPageAction.<init>(LoginPageAction.java:11)
at com.bangladesh.PageAction.LoginPageAction.<init>(LoginPageAction.java:11)
at com.bangladesh.PageAction.LoginPageAction.<init>(LoginPageAction.java:11)
at com.bangladesh.PageAction.LoginPageAction.<init>(LoginPageAction.java:11)
at com.bangladesh.PageAction.LoginPageAction.<init>(LoginPageAction.java:11)
at com.bangladesh.PageAction.LoginPageAction.<init>(LoginPageAction.java:11)
at com.bangladesh.PageAction.LoginPageAction.<init>(LoginPageAction.java:11)
at com.bangladesh.PageAction.LoginPageAction.<init>(LoginPageAction.java:11)
at com.bangladesh.PageAction.LoginPageAction.<init>(LoginPageAction.java:11)
at com.bangladesh.PageAction.LoginPageAction.<init>(LoginPageAction.java:11)
at com.bangladesh.PageAction.LoginPageAction.<init>(LoginPageAction.java:11)
at com.bangladesh.PageAction.LoginPageAction.<init>(LoginPageAction.java:11)
at com.bangladesh.PageAction.LoginPageAction.<init>(LoginPageAction.java:11)
at com.bangladesh.PageAction.LoginPageAction.<init>(LoginPageAction.java:11)
at com.bangladesh.PageAction.LoginPageAction.<init>(LoginPageAction.java:11)
at com.bangladesh.PageAction.LoginPageAction.<init>(LoginPageAction.java:11)
at com.bangladesh.PageAction.LoginPageAction.<init>(LoginPageAction.java:11)
at com.bangladesh.PageAction.LoginPageAction.<init>(LoginPageAction.java:11)
at com.bangladesh.PageAction.LoginPageAction.<init>(LoginPageAction.java:11)
at com.bangladesh.PageAction.LoginPageAction.<init>(LoginPageAction.java:11)
at com.bangladesh.PageAction.LoginPageAction.<init>(LoginPageAction.java:11)
at com.bangladesh.PageAction.LoginPageAction.<init>(LoginPageAction.java:11)
at com.bangladesh.PageAction.LoginPageAction.<init>(LoginPageAction.java:11)
at com.bangladesh.PageAction.LoginPageAction.<init>(LoginPageAction.java:11)
at com.bangladesh.PageAction.LoginPageAction.<init>(LoginPageAction.java:11)
at com.bangladesh.PageAction.LoginPageAction.<init>(LoginPageAction.java:11)
at com.bangladesh.PageAction.LoginPageAction.<init>(LoginPageAction.java:11)
at com.bangladesh.PageAction.LoginPageAction.<init>(LoginPageAction.java:11)
at com.bangladesh.PageAction.LoginPageAction.<init>(LoginPageAction.java:11)
at com.bangladesh.PageAction.LoginPageAction.<init>(LoginPageAction.java:11)
at com.bangladesh.PageAction.LoginPageAction.<init>(LoginPageAction.java:11)
at com.bangladesh.PageAction.LoginPageAction.<init>(LoginPageAction.java:11)
at com.bangladesh.PageAction.LoginPageAction.<init>(LoginPageAction.java:11)
at com.bangladesh.PageAction.LoginPageAction.<init>(LoginPageAction.java:11)
at com.bangladesh.PageAction.LoginPageAction.<init>(LoginPageAction.java:11)
at com.bangladesh.PageAction.LoginPageAction.<init>(LoginPageAction.java:11)
at com.bangladesh.PageAction.LoginPageAction.<init>(LoginPageAction.java:11)
at com.bangladesh.PageAction.LoginPageAction.<init>(LoginPageAction.java:11)
at com.bangladesh.PageAction.LoginPageAction.<init>(LoginPageAction.java:11)
at com.bangladesh.PageAction.LoginPageAction.<init>(LoginPageAction.java:11)
at com.bangladesh.PageAction.LoginPageAction.<init>(LoginPageAction.java:11)
at com.bangladesh.PageAction.LoginPageAction.<init>(LoginPageAction.java:11)
at com.bangladesh.PageAction.LoginPageAction.<init>(LoginPageAction.java:11)
at com.bangladesh.PageAction.LoginPageAction.<init>(LoginPageAction.java:11)
at com.bangladesh.PageAction.LoginPageAction.<init>(LoginPageAction.java:11)
at com.bangladesh.PageAction.LoginPageAction.<init>(LoginPageAction.java:11)
at com.bangladesh.PageAction.LoginPageAction.<init>(LoginPageAction.java:11)
at com.bangladesh.PageAction.LoginPageAction.<init>(LoginPageAction.java:11)
at com.bangladesh.PageAction.LoginPageAction.<init>(LoginPageAction.java:11)
at com.bangladesh.PageAction.LoginPageAction.<init>(LoginPageAction.java:11)
at com.bangladesh.PageAction.LoginPageAction.<init>(LoginPageAction.java:11)
at com.bangladesh.PageAction.LoginPageAction.<init>(LoginPageAction.java:11)
at com.bangladesh.PageAction.LoginPageAction.<init>(LoginPageAction.java:11)
at com.bangladesh.PageAction.LoginPageAction.<init>(LoginPageAction.java:11)
at com.bangladesh.PageAction.LoginPageAction.<init>(LoginPageAction.java:11)
at com.bangladesh.PageAction.LoginPageAction.<init>(LoginPageAction.java:11)
at com.bangladesh.PageAction.LoginPageAction.<init>(LoginPageAction.java:11)
at com.bangladesh.PageAction.LoginPageAction.<init>(LoginPageAction.java:11)
at com.bangladesh.PageAction.LoginPageAction.<init>(LoginPageAction.java:11)
at com.bangladesh.PageAction.LoginPageAction.<init>(LoginPageAction.java:11)
at com.bangladesh.PageAction.LoginPageAction.<init>(LoginPageAction.java:11)
at com.bangladesh.PageAction.LoginPageAction.<init>(LoginPageAction.java:11)
at com.bangladesh.PageAction.LoginPageAction.<init>(LoginPageAction.java:11)
at com.bangladesh.PageAction.LoginPageAction.<init>(LoginPageAction.java:11)
at com.bangladesh.PageAction.LoginPageAction.<init>(LoginPageAction.java:11)
at com.bangladesh.PageAction.LoginPageAction.<init>(LoginPageAction.java:11)
at com.bangladesh.PageAction.LoginPageAction.<init>(LoginPageAction.java:11)
at com.bangladesh.PageAction.LoginPageAction.<init>(LoginPageAction.java:11)
at com.bangladesh.PageAction.LoginPageAction.<init>(LoginPageAction.java:11)
at com.bangladesh.PageAction.LoginPageAction.<init>(LoginPageAction.java:11)
at com.bangladesh.PageAction.LoginPageAction.<init>(LoginPageAction.java:11)
at com.bangladesh.PageAction.LoginPageAction.<init>(LoginPageAction.java:11)
at com.bangladesh.PageAction.LoginPageAction.<init>(LoginPageAction.java:11)
at com.bangladesh.PageAction.LoginPageAction.<init>(LoginPageAction.java:11)
at com.bangladesh.PageAction.LoginPageAction.<init>(LoginPageAction.java:11)
at com.bangladesh.PageAction.LoginPageAction.<init>(LoginPageAction.java:11)
at com.bangladesh.PageAction.LoginPageAction.<init>(LoginPageAction.java:11)
at com.bangladesh.PageAction.LoginPageAction.<init>(LoginPageAction.java:11)
at com.bangladesh.PageAction.LoginPageAction.<init>(LoginPageAction.java:11)
at com.bangladesh.PageAction.LoginPageAction.<init>(LoginPageAction.java:11)
at com.bangladesh.PageAction.LoginPageAction.<init>(LoginPageAction.java:11)
at com.bangladesh.PageAction.LoginPageAction.<init>(LoginPageAction.java:11)
at com.bangladesh.PageAction.LoginPageAction.<init>(LoginPageAction.java:11)
at com.bangladesh.PageAction.LoginPageAction.<init>(LoginPageAction.java:11)
at com.bangladesh.PageAction.LoginPageAction.<init>(LoginPageAction.java:11)
at com.bangladesh.PageAction.LoginPageAction.<init>(LoginPageAction.java:11)
at com.bangladesh.PageAction.LoginPageAction.<init>(LoginPageAction.java:11)
at com.bangladesh.PageAction.LoginPageAction.<init>(LoginPageAction.java:11)
at com.bangladesh.PageAction.LoginPageAction.<init>(LoginPageAction.java:11)
at com.bangladesh.PageAction.LoginPageAction.<init>(LoginPageAction.java:11)
at com.bangladesh.PageAction.LoginPageAction.<init>(LoginPageAction.java:11)
at com.bangladesh.PageAction.LoginPageAction.<init>(LoginPageAction.java:11)
at com.bangladesh.PageAction.LoginPageAction.<init>(LoginPageAction.java:11)
at com.bangladesh.PageAction.LoginPageAction.<init>(LoginPageAction.java:11)
at com.bangladesh.PageAction.LoginPageAction.<init>(LoginPageAction.java:11)
at com.bangladesh.PageAction.LoginPageAction.<init>(LoginPageAction.java:11)
at com.bangladesh.PageAction.LoginPageAction.<init>(LoginPageAction.java:11)
at com.bangladesh.PageAction.LoginPageAction.<init>(LoginPageAction.java:11)
at com.bangladesh.PageAction.LoginPageAction.<init>(LoginPageAction.java:11)
at com.bangladesh.PageAction.LoginPageAction.<init>(LoginPageAction.java:11)
at com.bangladesh.PageAction.LoginPageAction.<init>(LoginPageAction.java:11)
at com.bangladesh.PageAction.LoginPageAction.<init>(LoginPageAction.java:11)
at com.bangladesh.PageAction.LoginPageAction.<init>(LoginPageAction.java:11)
at com.bangladesh.PageAction.LoginPageAction.<init>(LoginPageAction.java:11)
at com.bangladesh.PageAction.LoginPageAction.<init>(LoginPageAction.java:11)
at com.bangladesh.PageAction.LoginPageAction.<init>(LoginPageAction.java:11)
at com.bangladesh.PageAction.LoginPageAction.<init>(LoginPageAction.java:11)
at com.bangladesh.PageAction.LoginPageAction.<init>(LoginPageAction.java:11)
at com.bangladesh.PageAction.LoginPageAction.<init>(LoginPageAction.java:11)
at com.bangladesh.PageAction.LoginPageAction.<init>(LoginPageAction.java:11)
at com.bangladesh.PageAction.LoginPageAction.<init>(LoginPageAction.java:11)
at com.bangladesh.PageAction.LoginPageAction.<init>(LoginPageAction.java:11)
at com.bangladesh.PageAction.LoginPageAction.<init>(LoginPageAction.java:11)
at com.bangladesh.PageAction.LoginPageAction.<init>(LoginPageAction.java:11)
at com.bangladesh.PageAction.LoginPageAction.<init>(LoginPageAction.java:11)
at com.bangladesh.PageAction.LoginPageAction.<init>(LoginPageAction.java:11)
at com.bangladesh.PageAction.LoginPageAction.<init>(LoginPageAction.java:11)
at com.bangladesh.PageAction.LoginPageAction.<init>(LoginPageAction.java:11)
at com.bangladesh.PageAction.LoginPageAction.<init>(LoginPageAction.java:11)
at com.bangladesh.PageAction.LoginPageAction.<init>(LoginPageAction.java:11)
at com.bangladesh.PageAction.LoginPageAction.<init>(LoginPageAction.java:11)
at com.bangladesh.PageAction.LoginPageAction.<init>(LoginPageAction.java:11)
at com.bangladesh.PageAction.LoginPageAction.<init>(LoginPageAction.java:11)
at com.bangladesh.PageAction.LoginPageAction.<init>(LoginPageAction.java:11)
at com.bangladesh.PageAction.LoginPageAction.<init>(LoginPageAction.java:11)
at com.bangladesh.PageAction.LoginPageAction.<init>(LoginPageAction.java:11)
at com.bangladesh.PageAction.LoginPageAction.<init>(LoginPageAction.java:11)
at com.bangladesh.PageAction.LoginPageAction.<init>(LoginPageAction.java:11)
at com.bangladesh.PageAction.LoginPageAction.<init>(LoginPageAction.java:11)
at com.bangladesh.PageAction.LoginPageAction.<init>(LoginPageAction.java:11)
at com.bangladesh.PageAction.LoginPageAction.<init>(LoginPageAction.java:11)
at com.bangladesh.PageAction.LoginPageAction.<init>(LoginPageAction.java:11)
at com.bangladesh.PageAction.LoginPageAction.<init>(LoginPageAction.java:11)
at com.bangladesh.PageAction.LoginPageAction.<init>(LoginPageAction.java:11)
at com.bangladesh.PageAction.LoginPageAction.<init>(LoginPageAction.java:11)
at com.bangladesh.PageAction.LoginPageAction.<init>(LoginPageAction.java:11)
at com.bangladesh.PageAction.LoginPageAction.<init>(LoginPageAction.java:11)
at com.bangladesh.PageAction.LoginPageAction.<init>(LoginPageAction.java:11)
at com.bangladesh.PageAction.LoginPageAction.<init>(LoginPageAction.java:11)
at com.bangladesh.PageAction.LoginPageAction.<init>(LoginPageAction.java:11)
at com.bangladesh.PageAction.LoginPageAction.<init>(LoginPageAction.java:11)
at com.bangladesh.PageAction.LoginPageAction.<init>(LoginPageAction.java:11)
at com.bangladesh.PageAction.LoginPageAction.<init>(LoginPageAction.java:11)
at com.bangladesh.PageAction.LoginPageAction.<init>(LoginPageAction.java:11)
at com.bangladesh.PageAction.LoginPageAction.<init>(LoginPageAction.java:11)
at com.bangladesh.PageAction.LoginPageAction.<init>(LoginPageAction.java:11)
at com.bangladesh.PageAction.LoginPageAction.<init>(LoginPageAction.java:11)
at com.bangladesh.PageAction.LoginPageAction.<init>(LoginPageAction.java:11)
at com.bangladesh.PageAction.LoginPageAction.<init>(LoginPageAction.java:11)
at com.bangladesh.PageAction.LoginPageAction.<init>(LoginPageAction.java:11)
at com.bangladesh.PageAction.LoginPageAction.<init>(LoginPageAction.java:11)
at com.bangladesh.PageAction.LoginPageAction.<init>(LoginPageAction.java:11)
at com.bangladesh.PageAction.LoginPageAction.<init>(LoginPageAction.java:11)
at com.bangladesh.PageAction.LoginPageAction.<init>(LoginPageAction.java:11)
at com.bangladesh.PageAction.LoginPageAction.<init>(LoginPageAction.java:11)
at com.bangladesh.PageAction.LoginPageAction.<init>(LoginPageAction.java:11)
at com.bangladesh.PageAction.LoginPageAction.<init>(LoginPageAction.java:11)
at com.bangladesh.PageAction.LoginPageAction.<init>(LoginPageAction.java:11)
at com.bangladesh.PageAction.LoginPageAction.<init>(LoginPageAction.java:11)
at com.bangladesh.PageAction.LoginPageAction.<init>(LoginPageAction.java:11)
at com.bangladesh.PageAction.LoginPageAction.<init>(LoginPageAction.java:11)
at com.bangladesh.PageAction.LoginPageAction.<init>(LoginPageAction.java:11)
at com.bangladesh.PageAction.LoginPageAction.<init>(LoginPageAction.java:11)
at com.bangladesh.PageAction.LoginPageAction.<init>(LoginPageAction.java:11)
at com.bangladesh.PageAction.LoginPageAction.<init>(LoginPageAction.java:11)
at com.bangladesh.PageAction.LoginPageAction.<init>(LoginPageAction.java:11)
at com.bangladesh.PageAction.LoginPageAction.<init>(LoginPageAction.java:11)
at com.bangladesh.PageAction.LoginPageAction.<init>(LoginPageAction.java:11)
at com.bangladesh.PageAction.LoginPageAction.<init>(LoginPageAction.java:11)
at com.bangladesh.PageAction.LoginPageAction.<init>(LoginPageAction.java:11)
at com.bangladesh.PageAction.LoginPageAction.<init>(LoginPageAction.java:11)
at com.bangladesh.PageAction.LoginPageAction.<init>(LoginPageAction.java:11)
at com.bangladesh.PageAction.LoginPageAction.<init>(LoginPageAction.java:11)
at com.bangladesh.PageAction.LoginPageAction.<init>(LoginPageAction.java:11)
at com.bangladesh.PageAction.LoginPageAction.<init>(LoginPageAction.java:11)
at com.bangladesh.PageAction.LoginPageAction.<init>(LoginPageAction.java:11)
at com.bangladesh.PageAction.LoginPageAction.<init>(LoginPageAction.java:11)
at com.bangladesh.PageAction.LoginPageAction.<init>(LoginPageAction.java:11)
at com.bangladesh.PageAction.LoginPageAction.<init>(LoginPageAction.java:11)
at com.bangladesh.PageAction.LoginPageAction.<init>(LoginPageAction.java:11)
at com.bangladesh.PageAction.LoginPageAction.<init>(LoginPageAction.java:11)
at com.bangladesh.PageAction.LoginPageAction.<init>(LoginPageAction.java:11)
at com.bangladesh.PageAction.LoginPageAction.<init>(LoginPageAction.java:11)
at com.bangladesh.PageAction.LoginPageAction.<init>(LoginPageAction.java:11)
at com.bangladesh.PageAction.LoginPageAction.<init>(LoginPageAction.java:11)
at com.bangladesh.PageAction.LoginPageAction.<init>(LoginPageAction.java:11)
at com.bangladesh.PageAction.LoginPageAction.<init>(LoginPageAction.java:11)
at com.bangladesh.PageAction.LoginPageAction.<init>(LoginPageAction.java:11)
at com.bangladesh.PageAction.LoginPageAction.<init>(LoginPageAction.java:11)
at com.bangladesh.PageAction.LoginPageAction.<init>(LoginPageAction.java:11)
at com.bangladesh.PageAction.LoginPageAction.<init>(LoginPageAction.java:11)
at com.bangladesh.PageAction.LoginPageAction.<init>(LoginPageAction.java:11)
at com.bangladesh.PageAction.LoginPageAction.<init>(LoginPageAction.java:11)
at com.bangladesh.PageAction.LoginPageAction.<init>(LoginPageAction.java:11)
at com.bangladesh.PageAction.LoginPageAction.<init>(LoginPageAction.java:11)
at com.bangladesh.PageAction.LoginPageAction.<init>(LoginPageAction.java:11)
at com.bangladesh.PageAction.LoginPageAction.<init>(LoginPageAction.java:11)
at com.bangladesh.PageAction.LoginPageAction.<init>(LoginPageAction.java:11)
at com.bangladesh.PageAction.LoginPageAction.<init>(LoginPageAction.java:11)
at com.bangladesh.PageAction.LoginPageAction.<init>(LoginPageAction.java:11)
at com.bangladesh.PageAction.LoginPageAction.<init>(LoginPageAction.java:11)
at com.bangladesh.PageAction.LoginPageAction.<init>(LoginPageAction.java:11)
at com.bangladesh.PageAction.LoginPageAction.<init>(LoginPageAction.java:11)
at com.bangladesh.PageAction.LoginPageAction.<init>(LoginPageAction.java:11)
at com.bangladesh.PageAction.LoginPageAction.<init>(LoginPageAction.java:11)
at com.bangladesh.PageAction.LoginPageAction.<init>(LoginPageAction.java:11)
at com.bangladesh.PageAction.LoginPageAction.<init>(LoginPageAction.java:11)
at com.bangladesh.PageAction.LoginPageAction.<init>(LoginPageAction.java:11)
at com.bangladesh.PageAction.LoginPageAction.<init>(LoginPageAction.java:11)
at com.bangladesh.PageAction.LoginPageAction.<init>(LoginPageAction.java:11)
at com.bangladesh.PageAction.LoginPageAction.<init>(LoginPageAction.java:11)
at com.bangladesh.PageAction.LoginPageAction.<init>(LoginPageAction.java:11)
at com.bangladesh.PageAction.LoginPageAction.<init>(LoginPageAction.java:11)
at com.bangladesh.PageAction.LoginPageAction.<init>(LoginPageAction.java:11)
at com.bangladesh.PageAction.LoginPageAction.<init>(LoginPageAction.java:11)
at com.bangladesh.PageAction.LoginPageAction.<init>(LoginPageAction.java:11)
at com.bangladesh.PageAction.LoginPageAction.<init>(LoginPageAction.java:11)
at com.bangladesh.PageAction.LoginPageAction.<init>(LoginPageAction.java:11)
at com.bangladesh.PageAction.LoginPageAction.<init>(LoginPageAction.java:11)
at com.bangladesh.PageAction.LoginPageAction.<init>(LoginPageAction.java:11)
at com.bangladesh.PageAction.LoginPageAction.<init>(LoginPageAction.java:11)
at com.bangladesh.PageAction.LoginPageAction.<init>(LoginPageAction.java:11)
at com.bangladesh.PageAction.LoginPageAction.<init>(LoginPageAction.java:11)
at com.bangladesh.PageAction.LoginPageAction.<init>(LoginPageAction.java:11)
at com.bangladesh.PageAction.LoginPageAction.<init>(LoginPageAction.java:11)
at com.bangladesh.PageAction.LoginPageAction.<init>(LoginPageAction.java:11)
at com.bangladesh.PageAction.LoginPageAction.<init>(LoginPageAction.java:11)
at com.bangladesh.PageAction.LoginPageAction.<init>(LoginPageAction.java:11)
at com.bangladesh.PageAction.LoginPageAction.<init>(LoginPageAction.java:11)
at com.bangladesh.PageAction.LoginPageAction.<init>(LoginPageAction.java:11)
at com.bangladesh.PageAction.LoginPageAction.<init>(LoginPageAction.java:11)
at com.bangladesh.PageAction.LoginPageAction.<init>(LoginPageAction.java:11)
at com.bangladesh.PageAction.LoginPageAction.<init>(LoginPageAction.java:11)
at com.bangladesh.PageAction.LoginPageAction.<init>(LoginPageAction.java:11)
at com.bangladesh.PageAction.LoginPageAction.<init>(LoginPageAction.java:11)
at com.bangladesh.PageAction.LoginPageAction.<init>(LoginPageAction.java:11)
at com.bangladesh.PageAction.LoginPageAction.<init>(LoginPageAction.java:11)
at com.bangladesh.PageAction.LoginPageAction.<init>(LoginPageAction.java:11)
at com.bangladesh.PageAction.LoginPageAction.<init>(LoginPageAction.java:11)
at com.bangladesh.PageAction.LoginPageAction.<init>(LoginPageAction.java:11)
at com.bangladesh.PageAction.LoginPageAction.<init>(LoginPageAction.java:11)
at com.bangladesh.PageAction.LoginPageAction.<init>(LoginPageAction.java:11)
at com.bangladesh.PageAction.LoginPageAction.<init>(LoginPageAction.java:11)
at com.bangladesh.PageAction.LoginPageAction.<init>(LoginPageAction.java:11)
at com.bangladesh.PageAction.LoginPageAction.<init>(LoginPageAction.java:11)
at com.bangladesh.PageAction.LoginPageAction.<init>(LoginPageAction.java:11)
at com.bangladesh.PageAction.LoginPageAction.<init>(LoginPageAction.java:11)
at com.bangladesh.PageAction.LoginPageAction.<init>(LoginPageAction.java:11)
at com.bangladesh.PageAction.LoginPageAction.<init>(LoginPageAction.java:11)
at com.bangladesh.PageAction.LoginPageAction.<init>(LoginPageAction.java:11)
at com.bangladesh.PageAction.LoginPageAction.<init>(LoginPageAction.java:11)
at com.bangladesh.PageAction.LoginPageAction.<init>(LoginPageAction.java:11)
at com.bangladesh.PageAction.LoginPageAction.<init>(LoginPageAction.java:11)
at com.bangladesh.PageAction.LoginPageAction.<init>(LoginPageAction.java:11)
at com.bangladesh.PageAction.LoginPageAction.<init>(LoginPageAction.java:11)
at com.bangladesh.PageAction.LoginPageAction.<init>(LoginPageAction.java:11)
at com.bangladesh.PageAction.LoginPageAction.<init>(LoginPageAction.java:11)
at com.bangladesh.PageAction.LoginPageAction.<init>(LoginPageAction.java:11)
at com.bangladesh.PageAction.LoginPageAction.<init>(LoginPageAction.java:11)
at com.bangladesh.PageAction.LoginPageAction.<init>(LoginPageAction.java:11)
at com.bangladesh.PageAction.LoginPageAction.<init>(LoginPageAction.java:11)
at com.bangladesh.PageAction.LoginPageAction.<init>(LoginPageAction.java:11)
at com.bangladesh.PageAction.LoginPageAction.<init>(LoginPageAction.java:11)
at com.bangladesh.PageAction.LoginPageAction.<init>(LoginPageAction.java:11)
at com.bangladesh.PageAction.LoginPageAction.<init>(LoginPageAction.java:11)
at com.bangladesh.PageAction.LoginPageAction.<init>(LoginPageAction.java:11)
at com.bangladesh.PageAction.LoginPageAction.<init>(LoginPageAction.java:11)
at com.bangladesh.PageAction.LoginPageAction.<init>(LoginPageAction.java:11)
at com.bangladesh.PageAction.LoginPageAction.<init>(LoginPageAction.java:11)
at com.bangladesh.PageAction.LoginPageAction.<init>(LoginPageAction.java:11)
at com.bangladesh.PageAction.LoginPageAction.<init>(LoginPageAction.java:11)
at com.bangladesh.PageAction.LoginPageAction.<init>(LoginPageAction.java:11)
at com.bangladesh.PageAction.LoginPageAction.<init>(LoginPageAction.java:11)
at com.bangladesh.PageAction.LoginPageAction.<init>(LoginPageAction.java:11)
at com.bangladesh.PageAction.LoginPageAction.<init>(LoginPageAction.java:11)
at com.bangladesh.PageAction.LoginPageAction.<init>(LoginPageAction.java:11)
at com.bangladesh.PageAction.LoginPageAction.<init>(LoginPageAction.java:11)
at com.bangladesh.PageAction.LoginPageAction.<init>(LoginPageAction.java:11)
at com.bangladesh.PageAction.LoginPageAction.<init>(LoginPageAction.java:11)
at com.bangladesh.PageAction.LoginPageAction.<init>(LoginPageAction.java:11)
at com.bangladesh.PageAction.LoginPageAction.<init>(LoginPageAction.java:11)
at com.bangladesh.PageAction.LoginPageAction.<init>(LoginPageAction.java:11)
at com.bangladesh.PageAction.LoginPageAction.<init>(LoginPageAction.java:11)
at com.bangladesh.PageAction.LoginPageAction.<init>(LoginPageAction.java:11)
at com.bangladesh.PageAction.LoginPageAction.<init>(LoginPageAction.java:11)
at com.bangladesh.PageAction.LoginPageAction.<init>(LoginPageAction.java:11)
at com.bangladesh.PageAction.LoginPageAction.<init>(LoginPageAction.java:11)
at com.bangladesh.PageAction.LoginPageAction.<init>(LoginPageAction.java:11)
at com.bangladesh.PageAction.LoginPageAction.<init>(LoginPageAction.java:11)
at com.bangladesh.PageAction.LoginPageAction.<init>(LoginPageAction.java:11)
at com.bangladesh.PageAction.LoginPageAction.<init>(LoginPageAction.java:11)
at com.bangladesh.PageAction.LoginPageAction.<init>(LoginPageAction.java:11)
at com.bangladesh.PageAction.LoginPageAction.<init>(LoginPageAction.java:11)
at com.bangladesh.PageAction.LoginPageAction.<init>(LoginPageAction.java:11)
at com.bangladesh.PageAction.LoginPageAction.<init>(LoginPageAction.java:11)
at com.bangladesh.PageAction.LoginPageAction.<init>(LoginPageAction.java:11)
at com.bangladesh.PageAction.LoginPageAction.<init>(LoginPageAction.java:11)
at com.bangladesh.PageAction.LoginPageAction.<init>(LoginPageAction.java:11)
at com.bangladesh.PageAction.LoginPageAction.<init>(LoginPageAction.java:11)
at com.bangladesh.PageAction.LoginPageAction.<init>(LoginPageAction.java:11)
at com.bangladesh.PageAction.LoginPageAction.<init>(LoginPageAction.java:11)
at com.bangladesh.PageAction.LoginPageAction.<init>(LoginPageAction.java:11)
at com.bangladesh.PageAction.LoginPageAction.<init>(LoginPageAction.java:11)
at com.bangladesh.PageAction.LoginPageAction.<init>(LoginPageAction.java:11)
at com.bangladesh.PageAction.LoginPageAction.<init>(LoginPageAction.java:11)
at com.bangladesh.PageAction.LoginPageAction.<init>(LoginPageAction.java:11)
at com.bangladesh.PageAction.LoginPageAction.<init>(LoginPageAction.java:11)
at com.bangladesh.PageAction.LoginPageAction.<init>(LoginPageAction.java:11)
at com.bangladesh.PageAction.LoginPageAction.<init>(LoginPageAction.java:11)
at com.bangladesh.PageAction.LoginPageAction.<init>(LoginPageAction.java:11)
at com.bangladesh.PageAction.LoginPageAction.<init>(LoginPageAction.java:11)
at com.bangladesh.PageAction.LoginPageAction.<init>(LoginPageAction.java:11)
at com.bangladesh.PageAction.LoginPageAction.<init>(LoginPageAction.java:11)
at com.bangladesh.PageAction.LoginPageAction.<init>(LoginPageAction.java:11)
at com.bangladesh.PageAction.LoginPageAction.<init>(LoginPageAction.java:11)
at com.bangladesh.PageAction.LoginPageAction.<init>(LoginPageAction.java:11)
at com.bangladesh.PageAction.LoginPageAction.<init>(LoginPageAction.java:11)
at com.bangladesh.PageAction.LoginPageAction.<init>(LoginPageAction.java:11)
at com.bangladesh.PageAction.LoginPageAction.<init>(LoginPageAction.java:11)
at com.bangladesh.PageAction.LoginPageAction.<init>(LoginPageAction.java:11)
at com.bangladesh.PageAction.LoginPageAction.<init>(LoginPageAction.java:11)
at com.bangladesh.PageAction.LoginPageAction.<init>(LoginPageAction.java:11)
at com.bangladesh.PageAction.LoginPageAction.<init>(LoginPageAction.java:11)
at com.bangladesh.PageAction.LoginPageAction.<init>(LoginPageAction.java:11)
at com.bangladesh.PageAction.LoginPageAction.<init>(LoginPageAction.java:11)
at com.bangladesh.PageAction.LoginPageAction.<init>(LoginPageAction.java:11)
at com.bangladesh.PageAction.LoginPageAction.<init>(LoginPageAction.java:11)
at com.bangladesh.PageAction.LoginPageAction.<init>(LoginPageAction.java:11)
at com.bangladesh.PageAction.LoginPageAction.<init>(LoginPageAction.java:11)
at com.bangladesh.PageAction.LoginPageAction.<init>(LoginPageAction.java:11)
at com.bangladesh.PageAction.LoginPageAction.<init>(LoginPageAction.java:11)
at com.bangladesh.PageAction.LoginPageAction.<init>(LoginPageAction.java:11)
at com.bangladesh.PageAction.LoginPageAction.<init>(LoginPageAction.java:11)
at com.bangladesh.PageAction.LoginPageAction.<init>(LoginPageAction.java:11)
at com.bangladesh.PageAction.LoginPageAction.<init>(LoginPageAction.java:11)
at com.bangladesh.PageAction.LoginPageAction.<init>(LoginPageAction.java:11)
at com.bangladesh.PageAction.LoginPageAction.<init>(LoginPageAction.java:11)
at com.bangladesh.PageAction.LoginPageAction.<init>(LoginPageAction.java:11)
at com.bangladesh.PageAction.LoginPageAction.<init>(LoginPageAction.java:11)
at com.bangladesh.PageAction.LoginPageAction.<init>(LoginPageAction.java:11)
at com.bangladesh.PageAction.LoginPageAction.<init>(LoginPageAction.java:11)
at com.bangladesh.PageAction.LoginPageAction.<init>(LoginPageAction.java:11)
at com.bangladesh.PageAction.LoginPageAction.<init>(LoginPageAction.java:11)
at com.bangladesh.PageAction.LoginPageAction.<init>(LoginPageAction.java:11)
at com.bangladesh.PageAction.LoginPageAction.<init>(LoginPageAction.java:11)
at com.bangladesh.PageAction.LoginPageAction.<init>(LoginPageAction.java:11)
at com.bangladesh.PageAction.LoginPageAction.<init>(LoginPageAction.java:11)
at com.bangladesh.PageAction.LoginPageAction.<init>(LoginPageAction.java:11)
at com.bangladesh.PageAction.LoginPageAction.<init>(LoginPageAction.java:11)
at com.bangladesh.PageAction.LoginPageAction.<init>(LoginPageAction.java:11)
at com.bangladesh.PageAction.LoginPageAction.<init>(LoginPageAction.java:11)
at com.bangladesh.PageAction.LoginPageAction.<init>(LoginPageAction.java:11)
at com.bangladesh.PageAction.LoginPageAction.<init>(LoginPageAction.java:11)
at com.bangladesh.PageAction.LoginPageAction.<init>(LoginPageAction.java:11)
at com.bangladesh.PageAction.LoginPageAction.<init>(LoginPageAction.java:11)
at com.bangladesh.PageAction.LoginPageAction.<init>(LoginPageAction.java:11)
at com.bangladesh.PageAction.LoginPageAction.<init>(LoginPageAction.java:11)
at com.bangladesh.PageAction.LoginPageAction.<init>(LoginPageAction.java:11)
at com.bangladesh.PageAction.LoginPageAction.<init>(LoginPageAction.java:11)
at com.bangladesh.PageAction.LoginPageAction.<init>(LoginPageAction.java:11)
at com.bangladesh.PageAction.LoginPageAction.<init>(LoginPageAction.java:11)
at com.bangladesh.PageAction.LoginPageAction.<init>(LoginPageAction.java:11)
at com.bangladesh.PageAction.LoginPageAction.<init>(LoginPageAction.java:11)
at com.bangladesh.PageAction.LoginPageAction.<init>(LoginPageAction.java:11)
at com.bangladesh.PageAction.LoginPageAction.<init>(LoginPageAction.java:11)
at com.bangladesh.PageAction.LoginPageAction.<init>(LoginPageAction.java:11)
at com.bangladesh.PageAction.LoginPageAction.<init>(LoginPageAction.java:11)
at com.bangladesh.PageAction.LoginPageAction.<init>(LoginPageAction.java:11)
at com.bangladesh.PageAction.LoginPageAction.<init>(LoginPageAction.java:11)
at com.bangladesh.PageAction.LoginPageAction.<init>(LoginPageAction.java:11)
at com.bangladesh.PageAction.LoginPageAction.<init>(LoginPageAction.java:11)
at com.bangladesh.PageAction.LoginPageAction.<init>(LoginPageAction.java:11)
at com.bangladesh.PageAction.LoginPageAction.<init>(LoginPageAction.java:11)
at com.bangladesh.PageAction.LoginPageAction.<init>(LoginPageAction.java:11)
at com.bangladesh.PageAction.LoginPageAction.<init>(LoginPageAction.java:11)
at com.bangladesh.PageAction.LoginPageAction.<init>(LoginPageAction.java:11)
at com.bangladesh.PageAction.LoginPageAction.<init>(LoginPageAction.java:11)
at com.bangladesh.PageAction.LoginPageAction.<init>(LoginPageAction.java:11)
at com.bangladesh.PageAction.LoginPageAction.<init>(LoginPageAction.java:11)
at com.bangladesh.PageAction.LoginPageAction.<init>(LoginPageAction.java:11)
at com.bangladesh.PageAction.LoginPageAction.<init>(LoginPageAction.java:11)
at com.bangladesh.PageAction.LoginPageAction.<init>(LoginPageAction.java:11)
at com.bangladesh.PageAction.LoginPageAction.<init>(LoginPageAction.java:11)
at com.bangladesh.PageAction.LoginPageAction.<init>(LoginPageAction.java:11)
at com.bangladesh.PageAction.LoginPageAction.<init>(LoginPageAction.java:11)
at com.bangladesh.PageAction.LoginPageAction.<init>(LoginPageAction.java:11)
at com.bangladesh.PageAction.LoginPageAction.<init>(LoginPageAction.java:11)
at com.bangladesh.PageAction.LoginPageAction.<init>(LoginPageAction.java:11)
at com.bangladesh.PageAction.LoginPageAction.<init>(LoginPageAction.java:11)
at com.bangladesh.PageAction.LoginPageAction.<init>(LoginPageAction.java:11)
at com.bangladesh.PageAction.LoginPageAction.<init>(LoginPageAction.java:11)
at com.bangladesh.PageAction.LoginPageAction.<init>(LoginPageAction.java:11)
at com.bangladesh.PageAction.LoginPageAction.<init>(LoginPageAction.java:11)
at com.bangladesh.PageAction.LoginPageAction.<init>(LoginPageAction.java:11)
at com.bangladesh.PageAction.LoginPageAction.<init>(LoginPageAction.java:11)
at com.bangladesh.PageAction.LoginPageAction.<init>(LoginPageAction.java:11)
at com.bangladesh.PageAction.LoginPageAction.<init>(LoginPageAction.java:11)
at com.bangladesh.PageAction.LoginPageAction.<init>(LoginPageAction.java:11)
at com.bangladesh.PageAction.LoginPageAction.<init>(LoginPageAction.java:11)
at com.bangladesh.PageAction.LoginPageAction.<init>(LoginPageAction.java:11)
at com.bangladesh.PageAction.LoginPageAction.<init>(LoginPageAction.java:11)
at com.bangladesh.PageAction.LoginPageAction.<init>(LoginPageAction.java:11)
at com.bangladesh.PageAction.LoginPageAction.<init>(LoginPageAction.java:11)
at com.bangladesh.PageAction.LoginPageAction.<init>(LoginPageAction.java:11)
at com.bangladesh.PageAction.LoginPageAction.<init>(LoginPageAction.java:11)
at com.bangladesh.PageAction.LoginPageAction.<init>(LoginPageAction.java:11)
at com.bangladesh.PageAction.LoginPageAction.<init>(LoginPageAction.java:11)
at com.bangladesh.PageAction.LoginPageAction.<init>(LoginPageAction.java:11)
at com.bangladesh.PageAction.LoginPageAction.<init>(LoginPageAction.java:11)
at com.bangladesh.PageAction.LoginPageAction.<init>(LoginPageAction.java:11)
at com.bangladesh.PageAction.LoginPageAction.<init>(LoginPageAction.java:11)
at com.bangladesh.PageAction.LoginPageAction.<init>(LoginPageAction.java:11)
at com.bangladesh.PageAction.LoginPageAction.<init>(LoginPageAction.java:11)
at com.bangladesh.PageAction.LoginPageAction.<init>(LoginPageAction.java:11)
at com.bangladesh.PageAction.LoginPageAction.<init>(LoginPageAction.java:11)
at com.bangladesh.PageAction.LoginPageAction.<init>(LoginPageAction.java:11)
at com.bangladesh.PageAction.LoginPageAction.<init>(LoginPageAction.java:11)
at com.bangladesh.PageAction.LoginPageAction.<init>(LoginPageAction.java:11)
at com.bangladesh.PageAction.LoginPageAction.<init>(LoginPageAction.java:11)
at com.bangladesh.PageAction.LoginPageAction.<init>(LoginPageAction.java:11)
at com.bangladesh.PageAction.LoginPageAction.<init>(LoginPageAction.java:11)
at com.bangladesh.PageAction.LoginPageAction.<init>(LoginPageAction.java:11)
at com.bangladesh.PageAction.LoginPageAction.<init>(LoginPageAction.java:11)
at com.bangladesh.PageAction.LoginPageAction.<init>(LoginPageAction.java:11)
at com.bangladesh.PageAction.LoginPageAction.<init>(LoginPageAction.java:11)
at com.bangladesh.PageAction.LoginPageAction.<init>(LoginPageAction.java:11)
at com.bangladesh.PageAction.LoginPageAction.<init>(LoginPageAction.java:11)
at com.bangladesh.PageAction.LoginPageAction.<init>(LoginPageAction.java:11)
at com.bangladesh.PageAction.LoginPageAction.<init>(LoginPageAction.java:11)
at com.bangladesh.PageAction.LoginPageAction.<init>(LoginPageAction.java:11)
at com.bangladesh.PageAction.LoginPageAction.<init>(LoginPageAction.java:11)
at com.bangladesh.PageAction.LoginPageAction.<init>(LoginPageAction.java:11)
at com.bangladesh.PageAction.LoginPageAction.<init>(LoginPageAction.java:11)
at com.bangladesh.PageAction.LoginPageAction.<init>(LoginPageAction.java:11)
at com.bangladesh.PageAction.LoginPageAction.<init>(LoginPageAction.java:11)
at com.bangladesh.PageAction.LoginPageAction.<init>(LoginPageAction.java:11)
at com.bangladesh.PageAction.LoginPageAction.<init>(LoginPageAction.java:11)
at com.bangladesh.PageAction.LoginPageAction.<init>(LoginPageAction.java:11)
at com.bangladesh.PageAction.LoginPageAction.<init>(LoginPageAction.java:11)
at com.bangladesh.PageAction.LoginPageAction.<init>(LoginPageAction.java:11)
at com.bangladesh.PageAction.LoginPageAction.<init>(LoginPageAction.java:11)
at com.bangladesh.PageAction.LoginPageAction.<init>(LoginPageAction.java:11)
at com.bangladesh.PageAction.LoginPageAction.<init>(LoginPageAction.java:11)
at com.bangladesh.PageAction.LoginPageAction.<init>(LoginPageAction.java:11)
at com.bangladesh.PageAction.LoginPageAction.<init>(LoginPageAction.java:11)
at com.bangladesh.PageAction.LoginPageAction.<init>(LoginPageAction.java:11)
at com.bangladesh.PageAction.LoginPageAction.<init>(LoginPageAction.java:11)
at com.bangladesh.PageAction.LoginPageAction.<init>(LoginPageAction.java:11)
at com.bangladesh.PageAction.LoginPageAction.<init>(LoginPageAction.java:11)
at com.bangladesh.PageAction.LoginPageAction.<init>(LoginPageAction.java:11)
at com.bangladesh.PageAction.LoginPageAction.<init>(LoginPageAction.java:11)
at com.bangladesh.PageAction.LoginPageAction.<init>(LoginPageAction.java:11)
at com.bangladesh.PageAction.LoginPageAction.<init>(LoginPageAction.java:11)
at com.bangladesh.PageAction.LoginPageAction.<init>(LoginPageAction.java:11)
at com.bangladesh.PageAction.LoginPageAction.<init>(LoginPageAction.java:11)
at com.bangladesh.PageAction.LoginPageAction.<init>(LoginPageAction.java:11)
at com.bangladesh.PageAction.LoginPageAction.<init>(LoginPageAction.java:11)
at com.bangladesh.PageAction.LoginPageAction.<init>(LoginPageAction.java:11)
at com.bangladesh.PageAction.LoginPageAction.<init>(LoginPageAction.java:11)
at com.bangladesh.PageAction.LoginPageAction.<init>(LoginPageAction.java:11)
at com.bangladesh.PageAction.LoginPageAction.<init>(LoginPageAction.java:11)
at com.bangladesh.PageAction.LoginPageAction.<init>(LoginPageAction.java:11)
at com.bangladesh.PageAction.LoginPageAction.<init>(LoginPageAction.java:11)
at com.bangladesh.PageAction.LoginPageAction.<init>(LoginPageAction.java:11)
at com.bangladesh.PageAction.LoginPageAction.<init>(LoginPageAction.java:11)
at com.bangladesh.PageAction.LoginPageAction.<init>(LoginPageAction.java:11)
at com.bangladesh.PageAction.LoginPageAction.<init>(LoginPageAction.java:11)
at com.bangladesh.PageAction.LoginPageAction.<init>(LoginPageAction.java:11)
at com.bangladesh.PageAction.LoginPageAction.<init>(LoginPageAction.java:11)
at com.bangladesh.PageAction.LoginPageAction.<init>(LoginPageAction.java:11)
at com.bangladesh.PageAction.LoginPageAction.<init>(LoginPageAction.java:11)
at com.bangladesh.PageAction.LoginPageAction.<init>(LoginPageAction.java:11)
at com.bangladesh.PageAction.LoginPageAction.<init>(LoginPageAction.java:11)
at com.bangladesh.PageAction.LoginPageAction.<init>(LoginPageAction.java:11)
at com.bangladesh.PageAction.LoginPageAction.<init>(LoginPageAction.java:11)
at com.bangladesh.PageAction.LoginPageAction.<init>(LoginPageAction.java:11)
at com.bangladesh.PageAction.LoginPageAction.<init>(LoginPageAction.java:11)
at com.bangladesh.PageAction.LoginPageAction.<init>(LoginPageAction.java:11)
at com.bangladesh.PageAction.LoginPageAction.<init>(LoginPageAction.java:11)
at com.bangladesh.PageAction.LoginPageAction.<init>(LoginPageAction.java:11)
at com.bangladesh.PageAction.LoginPageAction.<init>(LoginPageAction.java:11)
at com.bangladesh.PageAction.LoginPageAction.<init>(LoginPageAction.java:11)
at com.bangladesh.PageAction.LoginPageAction.<init>(LoginPageAction.java:11)
at com.bangladesh.PageAction.LoginPageAction.<init>(LoginPageAction.java:11)
at com.bangladesh.PageAction.LoginPageAction.<init>(LoginPageAction.java:11)
at com.bangladesh.PageAction.LoginPageAction.<init>(LoginPageAction.java:11)
at com.bangladesh.PageAction.LoginPageAction.<init>(LoginPageAction.java:11)
at com.bangladesh.PageAction.LoginPageAction.<init>(LoginPageAction.java:11)
at com.bangladesh.PageAction.LoginPageAction.<init>(LoginPageAction.java:11)
at com.bangladesh.PageAction.LoginPageAction.<init>(LoginPageAction.java:11)
at com.bangladesh.PageAction.LoginPageAction.<init>(LoginPageAction.java:11)
at com.bangladesh.PageAction.LoginPageAction.<init>(LoginPageAction.java:11)
at com.bangladesh.PageAction.LoginPageAction.<init>(LoginPageAction.java:11)
at com.bangladesh.PageAction.LoginPageAction.<init>(LoginPageAction.java:11)
at com.bangladesh.PageAction.LoginPageAction.<init>(LoginPageAction.java:11)
at com.bangladesh.PageAction.LoginPageAction.<init>(LoginPageAction.java:11)
at com.bangladesh.PageAction.LoginPageAction.<init>(LoginPageAction.java:11)
at com.bangladesh.PageAction.LoginPageAction.<init>(LoginPageAction.java:11)
at com.bangladesh.PageAction.LoginPageAction.<init>(LoginPageAction.java:11)
at com.bangladesh.PageAction.LoginPageAction.<init>(LoginPageAction.java:11)
at com.bangladesh.PageAction.LoginPageAction.<init>(LoginPageAction.java:11)
at com.bangladesh.PageAction.LoginPageAction.<init>(LoginPageAction.java:11)
at com.bangladesh.PageAction.LoginPageAction.<init>(LoginPageAction.java:11)
at com.bangladesh.PageAction.LoginPageAction.<init>(LoginPageAction.java:11)
at com.bangladesh.PageAction.LoginPageAction.<init>(LoginPageAction.java:11)
at com.bangladesh.PageAction.LoginPageAction.<init>(LoginPageAction.java:11)
at com.bangladesh.PageAction.LoginPageAction.<init>(LoginPageAction.java:11)
at com.bangladesh.PageAction.LoginPageAction.<init>(LoginPageAction.java:11)
at ✽.Then Click signinbutton(LoginBD.feature:7)
... Removed 32 stack frames]]>
    </failure>
  </testcase> <!-- feature -->
</testsuite> <!-- Surefire test -->
