<?xml version="1.0" encoding="UTF-8"?>
<!-- Generated by org.testng.reporters.JUnitXMLReporter -->
<testsuite ignored="0" hostname="LAPTOP-N3N33JA0" failures="1" tests="1" name="Default test" time="8.802" errors="0" timestamp="2021-07-22T20:35:36 PDT">
  <testcase classname="cucumber.api.testng.AbstractTestNGCucumberTests" name="feature" time="4.619">
    <failure type="cucumber.runtime.CucumberException" message="java.lang.StackOverflowError">
      <![CDATA[cucumber.runtime.CucumberException: java.lang.StackOverflowError
at cucumber.api.testng.TestNGCucumberRunner.runCucumber(TestNGCucumberRunner.java:69)
at cucumber.api.testng.AbstractTestNGCucumberTests.feature(AbstractTestNGCucumberTests.java:21)
at java.base/jdk.internal.reflect.NativeMethodAccessorImpl.invoke0(Native Method)
at java.base/jdk.internal.reflect.NativeMethodAccessorImpl.invoke(NativeMethodAccessorImpl.java:62)
at java.base/jdk.internal.reflect.DelegatingMethodAccessorImpl.invoke(DelegatingMethodAccessorImpl.java:43)
at java.base/java.lang.reflect.Method.invoke(Method.java:566)
at org.testng.internal.MethodInvocationHelper.invokeMethod(MethodInvocationHelper.java:132)
at org.testng.internal.TestInvoker.invokeMethod(TestInvoker.java:599)
at org.testng.internal.TestInvoker.invokeTestMethod(TestInvoker.java:174)
at org.testng.internal.MethodRunner.runInSequence(MethodRunner.java:46)
at org.testng.internal.TestInvoker$MethodInvocationAgent.invoke(TestInvoker.java:822)
at org.testng.internal.TestInvoker.invokeTestMethods(TestInvoker.java:147)
at org.testng.internal.TestMethodWorker.invokeTestMethods(TestMethodWorker.java:146)
at org.testng.internal.TestMethodWorker.run(TestMethodWorker.java:128)
at java.base/java.util.ArrayList.forEach(ArrayList.java:1540)
at org.testng.TestRunner.privateRun(TestRunner.java:764)
at org.testng.TestRunner.run(TestRunner.java:585)
at org.testng.SuiteRunner.runTest(SuiteRunner.java:384)
at org.testng.SuiteRunner.runSequentially(SuiteRunner.java:378)
at org.testng.SuiteRunner.privateRun(SuiteRunner.java:337)
at org.testng.SuiteRunner.run(SuiteRunner.java:286)
at org.testng.SuiteRunnerWorker.runSuite(SuiteRunnerWorker.java:53)
at org.testng.SuiteRunnerWorker.run(SuiteRunnerWorker.java:96)
at org.testng.TestNG.runSuitesSequentially(TestNG.java:1218)
at org.testng.TestNG.runSuitesLocally(TestNG.java:1140)
at org.testng.TestNG.runSuites(TestNG.java:1069)
at org.testng.TestNG.run(TestNG.java:1037)
at org.testng.remote.AbstractRemoteTestNG.run(AbstractRemoteTestNG.java:115)
at org.testng.remote.RemoteTestNG.initAndRun(RemoteTestNG.java:251)
at org.testng.remote.RemoteTestNG.main(RemoteTestNG.java:77)
Caused by: java.lang.StackOverflowError
at java.base/java.util.HashMap.hash(HashMap.java:339)
at java.base/java.util.HashMap.put(HashMap.java:607)
at java.base/java.util.HashSet.add(HashSet.java:220)
at org.openqa.selenium.support.AbstractFindByBuilder.assertValidFindBy(AbstractFindByBuilder.java:97)
at org.openqa.selenium.support.FindBy$FindByBuilder.buildIt(FindBy.java:82)
at org.openqa.selenium.support.pagefactory.Annotations.buildBy(Annotations.java:77)
at org.openqa.selenium.support.pagefactory.DefaultElementLocator.<init>(DefaultElementLocator.java:58)
at org.openqa.selenium.support.pagefactory.DefaultElementLocator.<init>(DefaultElementLocator.java:46)
at org.openqa.selenium.support.pagefactory.DefaultElementLocatorFactory.createLocator(DefaultElementLocatorFactory.java:32)
at org.openqa.selenium.support.pagefactory.DefaultFieldDecorator.decorate(DefaultFieldDecorator.java:56)
at org.openqa.selenium.support.PageFactory.proxyFields(PageFactory.java:113)
at org.openqa.selenium.support.PageFactory.initElements(PageFactory.java:105)
at org.openqa.selenium.support.PageFactory.initElements(PageFactory.java:92)
at org.openqa.selenium.support.PageFactory.initElements(PageFactory.java:79)
at com.bangladesh.PageLacoter.LoginPageLocator.<init>(LoginPageLocator.java:17)
at com.bangladesh.PageAction.LoginPageAction.<init>(LoginPageAction.java:10)
at com.bangladesh.PageAction.LoginPageAction.<init>(LoginPageAction.java:11)
at com.bangladesh.PageAction.LoginPageAction.<init>(LoginPageAction.java:11)
at com.bangladesh.PageAction.LoginPageAction.<init>(LoginPageAction.java:11)
at com.bangladesh.PageAction.LoginPageAction.<init>(LoginPageAction.java:11)
at com.bangladesh.PageAction.LoginPageAction.<init>(LoginPageAction.java:11)
at com.bangladesh.PageAction.LoginPageAction.<init>(LoginPageAction.java:11)
at com.bangladesh.PageAction.LoginPageAction.<init>(LoginPageAction.java:11)
at com.bangladesh.PageAction.LoginPageAction.<init>(LoginPageAction.java:11)
at com.bangladesh.PageAction.LoginPageAction.<init>(LoginPageAction.java:11)
at com.bangladesh.PageAction.LoginPageAction.<init>(LoginPageAction.java:11)
at com.bangladesh.PageAction.LoginPageAction.<init>(LoginPageAction.java:11)
at com.bangladesh.PageAction.LoginPageAction.<init>(LoginPageAction.java:11)
at com.bangladesh.PageAction.LoginPageAction.<init>(LoginPageAction.java:11)
at com.bangladesh.PageAction.LoginPageAction.<init>(LoginPageAction.java:11)
at com.bangladesh.PageAction.LoginPageAction.<init>(LoginPageAction.java:11)
at com.bangladesh.PageAction.LoginPageAction.<init>(LoginPageAction.java:11)
at com.bangladesh.PageAction.LoginPageAction.<init>(LoginPageAction.java:11)
at com.bangladesh.PageAction.LoginPageAction.<init>(LoginPageAction.java:11)
at com.bangladesh.PageAction.LoginPageAction.<init>(LoginPageAction.java:11)
at com.bangladesh.PageAction.LoginPageAction.<init>(LoginPageAction.java:11)
at com.bangladesh.PageAction.LoginPageAction.<init>(LoginPageAction.java:11)
at com.bangladesh.PageAction.LoginPageAction.<init>(LoginPageAction.java:11)
at com.bangladesh.PageAction.LoginPageAction.<init>(LoginPageAction.java:11)
at com.bangladesh.PageAction.LoginPageAction.<init>(LoginPageAction.java:11)
at com.bangladesh.PageAction.LoginPageAction.<init>(LoginPageAction.java:11)
at com.bangladesh.PageAction.LoginPageAction.<init>(LoginPageAction.java:11)
at com.bangladesh.PageAction.LoginPageAction.<init>(LoginPageAction.java:11)
at com.bangladesh.PageAction.LoginPageAction.<init>(LoginPageAction.java:11)
at com.bangladesh.PageAction.LoginPageAction.<init>(LoginPageAction.java:11)
at com.bangladesh.PageAction.LoginPageAction.<init>(LoginPageAction.java:11)
at com.bangladesh.PageAction.LoginPageAction.<init>(LoginPageAction.java:11)
at com.bangladesh.PageAction.LoginPageAction.<init>(LoginPageAction.java:11)
at com.bangladesh.PageAction.LoginPageAction.<init>(LoginPageAction.java:11)
at com.bangladesh.PageAction.LoginPageAction.<init>(LoginPageAction.java:11)
at com.bangladesh.PageAction.LoginPageAction.<init>(LoginPageAction.java:11)
at com.bangladesh.PageAction.LoginPageAction.<init>(LoginPageAction.java:11)
at com.bangladesh.PageAction.LoginPageAction.<init>(LoginPageAction.java:11)
at com.bangladesh.PageAction.LoginPageAction.<init>(LoginPageAction.java:11)
at com.bangladesh.PageAction.LoginPageAction.<init>(LoginPageAction.java:11)
at com.bangladesh.PageAction.LoginPageAction.<init>(LoginPageAction.java:11)
at com.bangladesh.PageAction.LoginPageAction.<init>(LoginPageAction.java:11)
at com.bangladesh.PageAction.LoginPageAction.<init>(LoginPageAction.java:11)
at com.bangladesh.PageAction.LoginPageAction.<init>(LoginPageAction.java:11)
at com.bangladesh.PageAction.LoginPageAction.<init>(LoginPageAction.java:11)
at com.bangladesh.PageAction.LoginPageAction.<init>(LoginPageAction.java:11)
at com.bangladesh.PageAction.LoginPageAction.<init>(LoginPageAction.java:11)
at com.bangladesh.PageAction.LoginPageAction.<init>(LoginPageAction.java:11)
at com.bangladesh.PageAction.LoginPageAction.<init>(LoginPageAction.java:11)
at com.bangladesh.PageAction.LoginPageAction.<init>(LoginPageAction.java:11)
at com.bangladesh.PageAction.LoginPageAction.<init>(LoginPageAction.java:11)
at com.bangladesh.PageAction.LoginPageAction.<init>(LoginPageAction.java:11)
at com.bangladesh.PageAction.LoginPageAction.<init>(LoginPageAction.java:11)
at com.bangladesh.PageAction.LoginPageAction.<init>(LoginPageAction.java:11)
at com.bangladesh.PageAction.LoginPageAction.<init>(LoginPageAction.java:11)
at com.bangladesh.PageAction.LoginPageAction.<init>(LoginPageAction.java:11)
at com.bangladesh.PageAction.LoginPageAction.<init>(LoginPageAction.java:11)
at com.bangladesh.PageAction.LoginPageAction.<init>(LoginPageAction.java:11)
at com.bangladesh.PageAction.LoginPageAction.<init>(LoginPageAction.java:11)
at com.bangladesh.PageAction.LoginPageAction.<init>(LoginPageAction.java:11)
at com.bangladesh.PageAction.LoginPageAction.<init>(LoginPageAction.java:11)
at com.bangladesh.PageAction.LoginPageAction.<init>(LoginPageAction.java:11)
at com.bangladesh.PageAction.LoginPageAction.<init>(LoginPageAction.java:11)
at com.bangladesh.PageAction.LoginPageAction.<init>(LoginPageAction.java:11)
at com.bangladesh.PageAction.LoginPageAction.<init>(LoginPageAction.java:11)
at com.bangladesh.PageAction.LoginPageAction.<init>(LoginPageAction.java:11)
at com.bangladesh.PageAction.LoginPageAction.<init>(LoginPageAction.java:11)
at com.bangladesh.PageAction.LoginPageAction.<init>(LoginPageAction.java:11)
at com.bangladesh.PageAction.LoginPageAction.<init>(LoginPageAction.java:11)
at com.bangladesh.PageAction.LoginPageAction.<init>(LoginPageAction.java:11)
at com.bangladesh.PageAction.LoginPageAction.<init>(LoginPageAction.java:11)
at com.bangladesh.PageAction.LoginPageAction.<init>(LoginPageAction.java:11)
at com.bangladesh.PageAction.LoginPageAction.<init>(LoginPageAction.java:11)
at com.bangladesh.PageAction.LoginPageAction.<init>(LoginPageAction.java:11)
at com.bangladesh.PageAction.LoginPageAction.<init>(LoginPageAction.java:11)
at com.bangladesh.PageAction.LoginPageAction.<init>(LoginPageAction.java:11)
at com.bangladesh.PageAction.LoginPageAction.<init>(LoginPageAction.java:11)
at com.bangladesh.PageAction.LoginPageAction.<init>(LoginPageAction.java:11)
at com.bangladesh.PageAction.LoginPageAction.<init>(LoginPageAction.java:11)
at com.bangladesh.PageAction.LoginPageAction.<init>(LoginPageAction.java:11)
at com.bangladesh.PageAction.LoginPageAction.<init>(LoginPageAction.java:11)
at com.bangladesh.PageAction.LoginPageAction.<init>(LoginPageAction.java:11)
at com.bangladesh.PageAction.LoginPageAction.<init>(LoginPageAction.java:11)
at com.bangladesh.PageAction.LoginPageAction.<init>(LoginPageAction.java:11)
at com.bangladesh.PageAction.LoginPageAction.<init>(LoginPageAction.java:11)
at com.bangladesh.PageAction.LoginPageAction.<init>(LoginPageAction.java:11)
at com.bangladesh.PageAction.LoginPageAction.<init>(LoginPageAction.java:11)
at com.bangladesh.PageAction.LoginPageAction.<init>(LoginPageAction.java:11)
at com.bangladesh.PageAction.LoginPageAction.<init>(LoginPageAction.java:11)
at com.bangladesh.PageAction.LoginPageAction.<init>(LoginPageAction.java:11)
at com.bangladesh.PageAction.LoginPageAction.<init>(LoginPageAction.java:11)
at com.bangladesh.PageAction.LoginPageAction.<init>(LoginPageAction.java:11)
at com.bangladesh.PageAction.LoginPageAction.<init>(LoginPageAction.java:11)
at com.bangladesh.PageAction.LoginPageAction.<init>(LoginPageAction.java:11)
at com.bangladesh.PageAction.LoginPageAction.<init>(LoginPageAction.java:11)
at com.bangladesh.PageAction.LoginPageAction.<init>(LoginPageAction.java:11)
at com.bangladesh.PageAction.LoginPageAction.<init>(LoginPageAction.java:11)
at com.bangladesh.PageAction.LoginPageAction.<init>(LoginPageAction.java:11)
at com.bangladesh.PageAction.LoginPageAction.<init>(LoginPageAction.java:11)
at com.bangladesh.PageAction.LoginPageAction.<init>(LoginPageAction.java:11)
at com.bangladesh.PageAction.LoginPageAction.<init>(LoginPageAction.java:11)
at com.bangladesh.PageAction.LoginPageAction.<init>(LoginPageAction.java:11)
at com.bangladesh.PageAction.LoginPageAction.<init>(LoginPageAction.java:11)
at com.bangladesh.PageAction.LoginPageAction.<init>(LoginPageAction.java:11)
at com.bangladesh.PageAction.LoginPageAction.<init>(LoginPageAction.java:11)
at com.bangladesh.PageAction.LoginPageAction.<init>(LoginPageAction.java:11)
at com.bangladesh.PageAction.LoginPageAction.<init>(LoginPageAction.java:11)
at com.bangladesh.PageAction.LoginPageAction.<init>(LoginPageAction.java:11)
at com.bangladesh.PageAction.LoginPageAction.<init>(LoginPageAction.java:11)
at com.bangladesh.PageAction.LoginPageAction.<init>(LoginPageAction.java:11)
at com.bangladesh.PageAction.LoginPageAction.<init>(LoginPageAction.java:11)
at com.bangladesh.PageAction.LoginPageAction.<init>(LoginPageAction.java:11)
at com.bangladesh.PageAction.LoginPageAction.<init>(LoginPageAction.java:11)
at com.bangladesh.PageAction.LoginPageAction.<init>(LoginPageAction.java:11)
at com.bangladesh.PageAction.LoginPageAction.<init>(LoginPageAction.java:11)
at com.bangladesh.PageAction.LoginPageAction.<init>(LoginPageAction.java:11)
at com.bangladesh.PageAction.LoginPageAction.<init>(LoginPageAction.java:11)
at com.bangladesh.PageAction.LoginPageAction.<init>(LoginPageAction.java:11)
at com.bangladesh.PageAction.LoginPageAction.<init>(LoginPageAction.java:11)
at com.bangladesh.PageAction.LoginPageAction.<init>(LoginPageAction.java:11)
at com.bangladesh.PageAction.LoginPageAction.<init>(LoginPageAction.java:11)
at com.bangladesh.PageAction.LoginPageAction.<init>(LoginPageAction.java:11)
at com.bangladesh.PageAction.LoginPageAction.<init>(LoginPageAction.java:11)
at com.bangladesh.PageAction.LoginPageAction.<init>(LoginPageAction.java:11)
at com.bangladesh.PageAction.LoginPageAction.<init>(LoginPageAction.java:11)
at com.bangladesh.PageAction.LoginPageAction.<init>(LoginPageAction.java:11)
at com.bangladesh.PageAction.LoginPageAction.<init>(LoginPageAction.java:11)
at com.bangladesh.PageAction.LoginPageAction.<init>(LoginPageAction.java:11)
at com.bangladesh.PageAction.LoginPageAction.<init>(LoginPageAction.java:11)
at com.bangladesh.PageAction.LoginPageAction.<init>(LoginPageAction.java:11)
at com.bangladesh.PageAction.LoginPageAction.<init>(LoginPageAction.java:11)
at com.bangladesh.PageAction.LoginPageAction.<init>(LoginPageAction.java:11)
at com.bangladesh.PageAction.LoginPageAction.<init>(LoginPageAction.java:11)
at com.bangladesh.PageAction.LoginPageAction.<init>(LoginPageAction.java:11)
at com.bangladesh.PageAction.LoginPageAction.<init>(LoginPageAction.java:11)
at com.bangladesh.PageAction.LoginPageAction.<init>(LoginPageAction.java:11)
at com.bangladesh.PageAction.LoginPageAction.<init>(LoginPageAction.java:11)
at com.bangladesh.PageAction.LoginPageAction.<init>(LoginPageAction.java:11)
at com.bangladesh.PageAction.LoginPageAction.<init>(LoginPageAction.java:11)
at com.bangladesh.PageAction.LoginPageAction.<init>(LoginPageAction.java:11)
at com.bangladesh.PageAction.LoginPageAction.<init>(LoginPageAction.java:11)
at com.bangladesh.PageAction.LoginPageAction.<init>(LoginPageAction.java:11)
at com.bangladesh.PageAction.LoginPageAction.<init>(LoginPageAction.java:11)
at com.bangladesh.PageAction.LoginPageAction.<init>(LoginPageAction.java:11)
at com.bangladesh.PageAction.LoginPageAction.<init>(LoginPageAction.java:11)
at com.bangladesh.PageAction.LoginPageAction.<init>(LoginPageAction.java:11)
at com.bangladesh.PageAction.LoginPageAction.<init>(LoginPageAction.java:11)
at com.bangladesh.PageAction.LoginPageAction.<init>(LoginPageAction.java:11)
at com.bangladesh.PageAction.LoginPageAction.<init>(LoginPageAction.java:11)
at com.bangladesh.PageAction.LoginPageAction.<init>(LoginPageAction.java:11)
at com.bangladesh.PageAction.LoginPageAction.<init>(LoginPageAction.java:11)
at com.bangladesh.PageAction.LoginPageAction.<init>(LoginPageAction.java:11)
at com.bangladesh.PageAction.LoginPageAction.<init>(LoginPageAction.java:11)
at com.bangladesh.PageAction.LoginPageAction.<init>(LoginPageAction.java:11)
at com.bangladesh.PageAction.LoginPageAction.<init>(LoginPageAction.java:11)
at com.bangladesh.PageAction.LoginPageAction.<init>(LoginPageAction.java:11)
at com.bangladesh.PageAction.LoginPageAction.<init>(LoginPageAction.java:11)
at com.bangladesh.PageAction.LoginPageAction.<init>(LoginPageAction.java:11)
at com.bangladesh.PageAction.LoginPageAction.<init>(LoginPageAction.java:11)
at com.bangladesh.PageAction.LoginPageAction.<init>(LoginPageAction.java:11)
at com.bangladesh.PageAction.LoginPageAction.<init>(LoginPageAction.java:11)
at com.bangladesh.PageAction.LoginPageAction.<init>(LoginPageAction.java:11)
at com.bangladesh.PageAction.LoginPageAction.<init>(LoginPageAction.java:11)
at com.bangladesh.PageAction.LoginPageAction.<init>(LoginPageAction.java:11)
at com.bangladesh.PageAction.LoginPageAction.<init>(LoginPageAction.java:11)
at com.bangladesh.PageAction.LoginPageAction.<init>(LoginPageAction.java:11)
at com.bangladesh.PageAction.LoginPageAction.<init>(LoginPageAction.java:11)
at com.bangladesh.PageAction.LoginPageAction.<init>(LoginPageAction.java:11)
at com.bangladesh.PageAction.LoginPageAction.<init>(LoginPageAction.java:11)
at com.bangladesh.PageAction.LoginPageAction.<init>(LoginPageAction.java:11)
at com.bangladesh.PageAction.LoginPageAction.<init>(LoginPageAction.java:11)
at com.bangladesh.PageAction.LoginPageAction.<init>(LoginPageAction.java:11)
at com.bangladesh.PageAction.LoginPageAction.<init>(LoginPageAction.java:11)
at com.bangladesh.PageAction.LoginPageAction.<init>(LoginPageAction.java:11)
at com.bangladesh.PageAction.LoginPageAction.<init>(LoginPageAction.java:11)
at com.bangladesh.PageAction.LoginPageAction.<init>(LoginPageAction.java:11)
at com.bangladesh.PageAction.LoginPageAction.<init>(LoginPageAction.java:11)
at com.bangladesh.PageAction.LoginPageAction.<init>(LoginPageAction.java:11)
at com.bangladesh.PageAction.LoginPageAction.<init>(LoginPageAction.java:11)
at com.bangladesh.PageAction.LoginPageAction.<init>(LoginPageAction.java:11)
at com.bangladesh.PageAction.LoginPageAction.<init>(LoginPageAction.java:11)
at com.bangladesh.PageAction.LoginPageAction.<init>(LoginPageAction.java:11)
at com.bangladesh.PageAction.LoginPageAction.<init>(LoginPageAction.java:11)
at com.bangladesh.PageAction.LoginPageAction.<init>(LoginPageAction.java:11)
at com.bangladesh.PageAction.LoginPageAction.<init>(LoginPageAction.java:11)
at com.bangladesh.PageAction.LoginPageAction.<init>(LoginPageAction.java:11)
at com.bangladesh.PageAction.LoginPageAction.<init>(LoginPageAction.java:11)
at com.bangladesh.PageAction.LoginPageAction.<init>(LoginPageAction.java:11)
at com.bangladesh.PageAction.LoginPageAction.<init>(LoginPageAction.java:11)
at com.bangladesh.PageAction.LoginPageAction.<init>(LoginPageAction.java:11)
at com.bangladesh.PageAction.LoginPageAction.<init>(LoginPageAction.java:11)
at com.bangladesh.PageAction.LoginPageAction.<init>(LoginPageAction.java:11)
at com.bangladesh.PageAction.LoginPageAction.<init>(LoginPageAction.java:11)
at com.bangladesh.PageAction.LoginPageAction.<init>(LoginPageAction.java:11)
at com.bangladesh.PageAction.LoginPageAction.<init>(LoginPageAction.java:11)
at com.bangladesh.PageAction.LoginPageAction.<init>(LoginPageAction.java:11)
at com.bangladesh.PageAction.LoginPageAction.<init>(LoginPageAction.java:11)
at com.bangladesh.PageAction.LoginPageAction.<init>(LoginPageAction.java:11)
at com.bangladesh.PageAction.LoginPageAction.<init>(LoginPageAction.java:11)
at com.bangladesh.PageAction.LoginPageAction.<init>(LoginPageAction.java:11)
at com.bangladesh.PageAction.LoginPageAction.<init>(LoginPageAction.java:11)
at com.bangladesh.PageAction.LoginPageAction.<init>(LoginPageAction.java:11)
at com.bangladesh.PageAction.LoginPageAction.<init>(LoginPageAction.java:11)
at com.bangladesh.PageAction.LoginPageAction.<init>(LoginPageAction.java:11)
at com.bangladesh.PageAction.LoginPageAction.<init>(LoginPageAction.java:11)
at com.bangladesh.PageAction.LoginPageAction.<init>(LoginPageAction.java:11)
at com.bangladesh.PageAction.LoginPageAction.<init>(LoginPageAction.java:11)
at com.bangladesh.PageAction.LoginPageAction.<init>(LoginPageAction.java:11)
at com.bangladesh.PageAction.LoginPageAction.<init>(LoginPageAction.java:11)
at com.bangladesh.PageAction.LoginPageAction.<init>(LoginPageAction.java:11)
at com.bangladesh.PageAction.LoginPageAction.<init>(LoginPageAction.java:11)
at com.bangladesh.PageAction.LoginPageAction.<init>(LoginPageAction.java:11)
at com.bangladesh.PageAction.LoginPageAction.<init>(LoginPageAction.java:11)
at com.bangladesh.PageAction.LoginPageAction.<init>(LoginPageAction.java:11)
at com.bangladesh.PageAction.LoginPageAction.<init>(LoginPageAction.java:11)
at com.bangladesh.PageAction.LoginPageAction.<init>(LoginPageAction.java:11)
at com.bangladesh.PageAction.LoginPageAction.<init>(LoginPageAction.java:11)
at com.bangladesh.PageAction.LoginPageAction.<init>(LoginPageAction.java:11)
at com.bangladesh.PageAction.LoginPageAction.<init>(LoginPageAction.java:11)
at com.bangladesh.PageAction.LoginPageAction.<init>(LoginPageAction.java:11)
at com.bangladesh.PageAction.LoginPageAction.<init>(LoginPageAction.java:11)
at com.bangladesh.PageAction.LoginPageAction.<init>(LoginPageAction.java:11)
at com.bangladesh.PageAction.LoginPageAction.<init>(LoginPageAction.java:11)
at com.bangladesh.PageAction.LoginPageAction.<init>(LoginPageAction.java:11)
at com.bangladesh.PageAction.LoginPageAction.<init>(LoginPageAction.java:11)
at com.bangladesh.PageAction.LoginPageAction.<init>(LoginPageAction.java:11)
at com.bangladesh.PageAction.LoginPageAction.<init>(LoginPageAction.java:11)
at com.bangladesh.PageAction.LoginPageAction.<init>(LoginPageAction.java:11)
at com.bangladesh.PageAction.LoginPageAction.<init>(LoginPageAction.java:11)
at com.bangladesh.PageAction.LoginPageAction.<init>(LoginPageAction.java:11)
at com.bangladesh.PageAction.LoginPageAction.<init>(LoginPageAction.java:11)
at com.bangladesh.PageAction.LoginPageAction.<init>(LoginPageAction.java:11)
at com.bangladesh.PageAction.LoginPageAction.<init>(LoginPageAction.java:11)
at com.bangladesh.PageAction.LoginPageAction.<init>(LoginPageAction.java:11)
at com.bangladesh.PageAction.LoginPageAction.<init>(LoginPageAction.java:11)
at com.bangladesh.PageAction.LoginPageAction.<init>(LoginPageAction.java:11)
at com.bangladesh.PageAction.LoginPageAction.<init>(LoginPageAction.java:11)
at com.bangladesh.PageAction.LoginPageAction.<init>(LoginPageAction.java:11)
at com.bangladesh.PageAction.LoginPageAction.<init>(LoginPageAction.java:11)
at com.bangladesh.PageAction.LoginPageAction.<init>(LoginPageAction.java:11)
at com.bangladesh.PageAction.LoginPageAction.<init>(LoginPageAction.java:11)
at com.bangladesh.PageAction.LoginPageAction.<init>(LoginPageAction.java:11)
at com.bangladesh.PageAction.LoginPageAction.<init>(LoginPageAction.java:11)
at com.bangladesh.PageAction.LoginPageAction.<init>(LoginPageAction.java:11)
at com.bangladesh.PageAction.LoginPageAction.<init>(LoginPageAction.java:11)
at com.bangladesh.PageAction.LoginPageAction.<init>(LoginPageAction.java:11)
at com.bangladesh.PageAction.LoginPageAction.<init>(LoginPageAction.java:11)
at com.bangladesh.PageAction.LoginPageAction.<init>(LoginPageAction.java:11)
at com.bangladesh.PageAction.LoginPageAction.<init>(LoginPageAction.java:11)
at com.bangladesh.PageAction.LoginPageAction.<init>(LoginPageAction.java:11)
at com.bangladesh.PageAction.LoginPageAction.<init>(LoginPageAction.java:11)
at com.bangladesh.PageAction.LoginPageAction.<init>(LoginPageAction.java:11)
at com.bangladesh.PageAction.LoginPageAction.<init>(LoginPageAction.java:11)
at com.bangladesh.PageAction.LoginPageAction.<init>(LoginPageAction.java:11)
at com.bangladesh.PageAction.LoginPageAction.<init>(LoginPageAction.java:11)
at com.bangladesh.PageAction.LoginPageAction.<init>(LoginPageAction.java:11)
at com.bangladesh.PageAction.LoginPageAction.<init>(LoginPageAction.java:11)
at com.bangladesh.PageAction.LoginPageAction.<init>(LoginPageAction.java:11)
at com.bangladesh.PageAction.LoginPageAction.<init>(LoginPageAction.java:11)
at com.bangladesh.PageAction.LoginPageAction.<init>(LoginPageAction.java:11)
at com.bangladesh.PageAction.LoginPageAction.<init>(LoginPageAction.java:11)
at com.bangladesh.PageAction.LoginPageAction.<init>(LoginPageAction.java:11)
at com.bangladesh.PageAction.LoginPageAction.<init>(LoginPageAction.java:11)
at com.bangladesh.PageAction.LoginPageAction.<init>(LoginPageAction.java:11)
at com.bangladesh.PageAction.LoginPageAction.<init>(LoginPageAction.java:11)
at com.bangladesh.PageAction.LoginPageAction.<init>(LoginPageAction.java:11)
at com.bangladesh.PageAction.LoginPageAction.<init>(LoginPageAction.java:11)
at com.bangladesh.PageAction.LoginPageAction.<init>(LoginPageAction.java:11)
at com.bangladesh.PageAction.LoginPageAction.<init>(LoginPageAction.java:11)
at com.bangladesh.PageAction.LoginPageAction.<init>(LoginPageAction.java:11)
at com.bangladesh.PageAction.LoginPageAction.<init>(LoginPageAction.java:11)
at com.bangladesh.PageAction.LoginPageAction.<init>(LoginPageAction.java:11)
at com.bangladesh.PageAction.LoginPageAction.<init>(LoginPageAction.java:11)
at com.bangladesh.PageAction.LoginPageAction.<init>(LoginPageAction.java:11)
at com.bangladesh.PageAction.LoginPageAction.<init>(LoginPageAction.java:11)
at com.bangladesh.PageAction.LoginPageAction.<init>(LoginPageAction.java:11)
at com.bangladesh.PageAction.LoginPageAction.<init>(LoginPageAction.java:11)
at com.bangladesh.PageAction.LoginPageAction.<init>(LoginPageAction.java:11)
at com.bangladesh.PageAction.LoginPageAction.<init>(LoginPageAction.java:11)
at com.bangladesh.PageAction.LoginPageAction.<init>(LoginPageAction.java:11)
at com.bangladesh.PageAction.LoginPageAction.<init>(LoginPageAction.java:11)
at com.bangladesh.PageAction.LoginPageAction.<init>(LoginPageAction.java:11)
at com.bangladesh.PageAction.LoginPageAction.<init>(LoginPageAction.java:11)
at com.bangladesh.PageAction.LoginPageAction.<init>(LoginPageAction.java:11)
at com.bangladesh.PageAction.LoginPageAction.<init>(LoginPageAction.java:11)
at com.bangladesh.PageAction.LoginPageAction.<init>(LoginPageAction.java:11)
at com.bangladesh.PageAction.LoginPageAction.<init>(LoginPageAction.java:11)
at com.bangladesh.PageAction.LoginPageAction.<init>(LoginPageAction.java:11)
at com.bangladesh.PageAction.LoginPageAction.<init>(LoginPageAction.java:11)
at com.bangladesh.PageAction.LoginPageAction.<init>(LoginPageAction.java:11)
at com.bangladesh.PageAction.LoginPageAction.<init>(LoginPageAction.java:11)
at com.bangladesh.PageAction.LoginPageAction.<init>(LoginPageAction.java:11)
at com.bangladesh.PageAction.LoginPageAction.<init>(LoginPageAction.java:11)
at com.bangladesh.PageAction.LoginPageAction.<init>(LoginPageAction.java:11)
at com.bangladesh.PageAction.LoginPageAction.<init>(LoginPageAction.java:11)
at com.bangladesh.PageAction.LoginPageAction.<init>(LoginPageAction.java:11)
at com.bangladesh.PageAction.LoginPageAction.<init>(LoginPageAction.java:11)
at com.bangladesh.PageAction.LoginPageAction.<init>(LoginPageAction.java:11)
at com.bangladesh.PageAction.LoginPageAction.<init>(LoginPageAction.java:11)
at com.bangladesh.PageAction.LoginPageAction.<init>(LoginPageAction.java:11)
at com.bangladesh.PageAction.LoginPageAction.<init>(LoginPageAction.java:11)
at com.bangladesh.PageAction.LoginPageAction.<init>(LoginPageAction.java:11)
at com.bangladesh.PageAction.LoginPageAction.<init>(LoginPageAction.java:11)
at com.bangladesh.PageAction.LoginPageAction.<init>(LoginPageAction.java:11)
at com.bangladesh.PageAction.LoginPageAction.<init>(LoginPageAction.java:11)
at com.bangladesh.PageAction.LoginPageAction.<init>(LoginPageAction.java:11)
at com.bangladesh.PageAction.LoginPageAction.<init>(LoginPageAction.java:11)
at com.bangladesh.PageAction.LoginPageAction.<init>(LoginPageAction.java:11)
at com.bangladesh.PageAction.LoginPageAction.<init>(LoginPageAction.java:11)
at com.bangladesh.PageAction.LoginPageAction.<init>(LoginPageAction.java:11)
at com.bangladesh.PageAction.LoginPageAction.<init>(LoginPageAction.java:11)
at com.bangladesh.PageAction.LoginPageAction.<init>(LoginPageAction.java:11)
at com.bangladesh.PageAction.LoginPageAction.<init>(LoginPageAction.java:11)
at com.bangladesh.PageAction.LoginPageAction.<init>(LoginPageAction.java:11)
at com.bangladesh.PageAction.LoginPageAction.<init>(LoginPageAction.java:11)
at com.bangladesh.PageAction.LoginPageAction.<init>(LoginPageAction.java:11)
at com.bangladesh.PageAction.LoginPageAction.<init>(LoginPageAction.java:11)
at com.bangladesh.PageAction.LoginPageAction.<init>(LoginPageAction.java:11)
at com.bangladesh.PageAction.LoginPageAction.<init>(LoginPageAction.java:11)
at com.bangladesh.PageAction.LoginPageAction.<init>(LoginPageAction.java:11)
at com.bangladesh.PageAction.LoginPageAction.<init>(LoginPageAction.java:11)
at com.bangladesh.PageAction.LoginPageAction.<init>(LoginPageAction.java:11)
at com.bangladesh.PageAction.LoginPageAction.<init>(LoginPageAction.java:11)
at com.bangladesh.PageAction.LoginPageAction.<init>(LoginPageAction.java:11)
at com.bangladesh.PageAction.LoginPageAction.<init>(LoginPageAction.java:11)
at com.bangladesh.PageAction.LoginPageAction.<init>(LoginPageAction.java:11)
at com.bangladesh.PageAction.LoginPageAction.<init>(LoginPageAction.java:11)
at com.bangladesh.PageAction.LoginPageAction.<init>(LoginPageAction.java:11)
at com.bangladesh.PageAction.LoginPageAction.<init>(LoginPageAction.java:11)
at com.bangladesh.PageAction.LoginPageAction.<init>(LoginPageAction.java:11)
at com.bangladesh.PageAction.LoginPageAction.<init>(LoginPageAction.java:11)
at com.bangladesh.PageAction.LoginPageAction.<init>(LoginPageAction.java:11)
at com.bangladesh.PageAction.LoginPageAction.<init>(LoginPageAction.java:11)
at com.bangladesh.PageAction.LoginPageAction.<init>(LoginPageAction.java:11)
at com.bangladesh.PageAction.LoginPageAction.<init>(LoginPageAction.java:11)
at com.bangladesh.PageAction.LoginPageAction.<init>(LoginPageAction.java:11)
at com.bangladesh.PageAction.LoginPageAction.<init>(LoginPageAction.java:11)
at com.bangladesh.PageAction.LoginPageAction.<init>(LoginPageAction.java:11)
at com.bangladesh.PageAction.LoginPageAction.<init>(LoginPageAction.java:11)
at com.bangladesh.PageAction.LoginPageAction.<init>(LoginPageAction.java:11)
at com.bangladesh.PageAction.LoginPageAction.<init>(LoginPageAction.java:11)
at com.bangladesh.PageAction.LoginPageAction.<init>(LoginPageAction.java:11)
at com.bangladesh.PageAction.LoginPageAction.<init>(LoginPageAction.java:11)
at com.bangladesh.PageAction.LoginPageAction.<init>(LoginPageAction.java:11)
at com.bangladesh.PageAction.LoginPageAction.<init>(LoginPageAction.java:11)
at com.bangladesh.PageAction.LoginPageAction.<init>(LoginPageAction.java:11)
at com.bangladesh.PageAction.LoginPageAction.<init>(LoginPageAction.java:11)
at com.bangladesh.PageAction.LoginPageAction.<init>(LoginPageAction.java:11)
at com.bangladesh.PageAction.LoginPageAction.<init>(LoginPageAction.java:11)
at com.bangladesh.PageAction.LoginPageAction.<init>(LoginPageAction.java:11)
at com.bangladesh.PageAction.LoginPageAction.<init>(LoginPageAction.java:11)
at com.bangladesh.PageAction.LoginPageAction.<init>(LoginPageAction.java:11)
at com.bangladesh.PageAction.LoginPageAction.<init>(LoginPageAction.java:11)
at com.bangladesh.PageAction.LoginPageAction.<init>(LoginPageAction.java:11)
at com.bangladesh.PageAction.LoginPageAction.<init>(LoginPageAction.java:11)
at com.bangladesh.PageAction.LoginPageAction.<init>(LoginPageAction.java:11)
at com.bangladesh.PageAction.LoginPageAction.<init>(LoginPageAction.java:11)
at com.bangladesh.PageAction.LoginPageAction.<init>(LoginPageAction.java:11)
at com.bangladesh.PageAction.LoginPageAction.<init>(LoginPageAction.java:11)
at com.bangladesh.PageAction.LoginPageAction.<init>(LoginPageAction.java:11)
at com.bangladesh.PageAction.LoginPageAction.<init>(LoginPageAction.java:11)
at com.bangladesh.PageAction.LoginPageAction.<init>(LoginPageAction.java:11)
at com.bangladesh.PageAction.LoginPageAction.<init>(LoginPageAction.java:11)
at com.bangladesh.PageAction.LoginPageAction.<init>(LoginPageAction.java:11)
at com.bangladesh.PageAction.LoginPageAction.<init>(LoginPageAction.java:11)
at com.bangladesh.PageAction.LoginPageAction.<init>(LoginPageAction.java:11)
at com.bangladesh.PageAction.LoginPageAction.<init>(LoginPageAction.java:11)
at com.bangladesh.PageAction.LoginPageAction.<init>(LoginPageAction.java:11)
at com.bangladesh.PageAction.LoginPageAction.<init>(LoginPageAction.java:11)
at com.bangladesh.PageAction.LoginPageAction.<init>(LoginPageAction.java:11)
at com.bangladesh.PageAction.LoginPageAction.<init>(LoginPageAction.java:11)
at com.bangladesh.PageAction.LoginPageAction.<init>(LoginPageAction.java:11)
at com.bangladesh.PageAction.LoginPageAction.<init>(LoginPageAction.java:11)
at com.bangladesh.PageAction.LoginPageAction.<init>(LoginPageAction.java:11)
at com.bangladesh.PageAction.LoginPageAction.<init>(LoginPageAction.java:11)
at com.bangladesh.PageAction.LoginPageAction.<init>(LoginPageAction.java:11)
at com.bangladesh.PageAction.LoginPageAction.<init>(LoginPageAction.java:11)
at com.bangladesh.PageAction.LoginPageAction.<init>(LoginPageAction.java:11)
at com.bangladesh.PageAction.LoginPageAction.<init>(LoginPageAction.java:11)
at com.bangladesh.PageAction.LoginPageAction.<init>(LoginPageAction.java:11)
at com.bangladesh.PageAction.LoginPageAction.<init>(LoginPageAction.java:11)
at com.bangladesh.PageAction.LoginPageAction.<init>(LoginPageAction.java:11)
at com.bangladesh.PageAction.LoginPageAction.<init>(LoginPageAction.java:11)
at com.bangladesh.PageAction.LoginPageAction.<init>(LoginPageAction.java:11)
at com.bangladesh.PageAction.LoginPageAction.<init>(LoginPageAction.java:11)
at com.bangladesh.PageAction.LoginPageAction.<init>(LoginPageAction.java:11)
at com.bangladesh.PageAction.LoginPageAction.<init>(LoginPageAction.java:11)
at com.bangladesh.PageAction.LoginPageAction.<init>(LoginPageAction.java:11)
at com.bangladesh.PageAction.LoginPageAction.<init>(LoginPageAction.java:11)
at com.bangladesh.PageAction.LoginPageAction.<init>(LoginPageAction.java:11)
at com.bangladesh.PageAction.LoginPageAction.<init>(LoginPageAction.java:11)
at com.bangladesh.PageAction.LoginPageAction.<init>(LoginPageAction.java:11)
at com.bangladesh.PageAction.LoginPageAction.<init>(LoginPageAction.java:11)
at com.bangladesh.PageAction.LoginPageAction.<init>(LoginPageAction.java:11)
at com.bangladesh.PageAction.LoginPageAction.<init>(LoginPageAction.java:11)
at com.bangladesh.PageAction.LoginPageAction.<init>(LoginPageAction.java:11)
at com.bangladesh.PageAction.LoginPageAction.<init>(LoginPageAction.java:11)
at com.bangladesh.PageAction.LoginPageAction.<init>(LoginPageAction.java:11)
at com.bangladesh.PageAction.LoginPageAction.<init>(LoginPageAction.java:11)
at com.bangladesh.PageAction.LoginPageAction.<init>(LoginPageAction.java:11)
at com.bangladesh.PageAction.LoginPageAction.<init>(LoginPageAction.java:11)
at com.bangladesh.PageAction.LoginPageAction.<init>(LoginPageAction.java:11)
at com.bangladesh.PageAction.LoginPageAction.<init>(LoginPageAction.java:11)
at com.bangladesh.PageAction.LoginPageAction.<init>(LoginPageAction.java:11)
at com.bangladesh.PageAction.LoginPageAction.<init>(LoginPageAction.java:11)
at com.bangladesh.PageAction.LoginPageAction.<init>(LoginPageAction.java:11)
at com.bangladesh.PageAction.LoginPageAction.<init>(LoginPageAction.java:11)
at com.bangladesh.PageAction.LoginPageAction.<init>(LoginPageAction.java:11)
at com.bangladesh.PageAction.LoginPageAction.<init>(LoginPageAction.java:11)
at com.bangladesh.PageAction.LoginPageAction.<init>(LoginPageAction.java:11)
at com.bangladesh.PageAction.LoginPageAction.<init>(LoginPageAction.java:11)
at com.bangladesh.PageAction.LoginPageAction.<init>(LoginPageAction.java:11)
at com.bangladesh.PageAction.LoginPageAction.<init>(LoginPageAction.java:11)
at com.bangladesh.PageAction.LoginPageAction.<init>(LoginPageAction.java:11)
at com.bangladesh.PageAction.LoginPageAction.<init>(LoginPageAction.java:11)
at com.bangladesh.PageAction.LoginPageAction.<init>(LoginPageAction.java:11)
at com.bangladesh.PageAction.LoginPageAction.<init>(LoginPageAction.java:11)
at com.bangladesh.PageAction.LoginPageAction.<init>(LoginPageAction.java:11)
at com.bangladesh.PageAction.LoginPageAction.<init>(LoginPageAction.java:11)
at com.bangladesh.PageAction.LoginPageAction.<init>(LoginPageAction.java:11)
at com.bangladesh.PageAction.LoginPageAction.<init>(LoginPageAction.java:11)
at com.bangladesh.PageAction.LoginPageAction.<init>(LoginPageAction.java:11)
at com.bangladesh.PageAction.LoginPageAction.<init>(LoginPageAction.java:11)
at com.bangladesh.PageAction.LoginPageAction.<init>(LoginPageAction.java:11)
at com.bangladesh.PageAction.LoginPageAction.<init>(LoginPageAction.java:11)
at com.bangladesh.PageAction.LoginPageAction.<init>(LoginPageAction.java:11)
at com.bangladesh.PageAction.LoginPageAction.<init>(LoginPageAction.java:11)
at com.bangladesh.PageAction.LoginPageAction.<init>(LoginPageAction.java:11)
at com.bangladesh.PageAction.LoginPageAction.<init>(LoginPageAction.java:11)
at com.bangladesh.PageAction.LoginPageAction.<init>(LoginPageAction.java:11)
at com.bangladesh.PageAction.LoginPageAction.<init>(LoginPageAction.java:11)
at com.bangladesh.PageAction.LoginPageAction.<init>(LoginPageAction.java:11)
at com.bangladesh.PageAction.LoginPageAction.<init>(LoginPageAction.java:11)
at com.bangladesh.PageAction.LoginPageAction.<init>(LoginPageAction.java:11)
at com.bangladesh.PageAction.LoginPageAction.<init>(LoginPageAction.java:11)
at com.bangladesh.PageAction.LoginPageAction.<init>(LoginPageAction.java:11)
at com.bangladesh.PageAction.LoginPageAction.<init>(LoginPageAction.java:11)
at com.bangladesh.PageAction.LoginPageAction.<init>(LoginPageAction.java:11)
at com.bangladesh.PageAction.LoginPageAction.<init>(LoginPageAction.java:11)
at com.bangladesh.PageAction.LoginPageAction.<init>(LoginPageAction.java:11)
at com.bangladesh.PageAction.LoginPageAction.<init>(LoginPageAction.java:11)
at com.bangladesh.PageAction.LoginPageAction.<init>(LoginPageAction.java:11)
at com.bangladesh.PageAction.LoginPageAction.<init>(LoginPageAction.java:11)
at com.bangladesh.PageAction.LoginPageAction.<init>(LoginPageAction.java:11)
at com.bangladesh.PageAction.LoginPageAction.<init>(LoginPageAction.java:11)
at com.bangladesh.PageAction.LoginPageAction.<init>(LoginPageAction.java:11)
at com.bangladesh.PageAction.LoginPageAction.<init>(LoginPageAction.java:11)
at com.bangladesh.PageAction.LoginPageAction.<init>(LoginPageAction.java:11)
at com.bangladesh.PageAction.LoginPageAction.<init>(LoginPageAction.java:11)
at com.bangladesh.PageAction.LoginPageAction.<init>(LoginPageAction.java:11)
at com.bangladesh.PageAction.LoginPageAction.<init>(LoginPageAction.java:11)
at com.bangladesh.PageAction.LoginPageAction.<init>(LoginPageAction.java:11)
at com.bangladesh.PageAction.LoginPageAction.<init>(LoginPageAction.java:11)
at com.bangladesh.PageAction.LoginPageAction.<init>(LoginPageAction.java:11)
at com.bangladesh.PageAction.LoginPageAction.<init>(LoginPageAction.java:11)
at com.bangladesh.PageAction.LoginPageAction.<init>(LoginPageAction.java:11)
at com.bangladesh.PageAction.LoginPageAction.<init>(LoginPageAction.java:11)
at com.bangladesh.PageAction.LoginPageAction.<init>(LoginPageAction.java:11)
at com.bangladesh.PageAction.LoginPageAction.<init>(LoginPageAction.java:11)
at com.bangladesh.PageAction.LoginPageAction.<init>(LoginPageAction.java:11)
at com.bangladesh.PageAction.LoginPageAction.<init>(LoginPageAction.java:11)
at com.bangladesh.PageAction.LoginPageAction.<init>(LoginPageAction.java:11)
at com.bangladesh.PageAction.LoginPageAction.<init>(LoginPageAction.java:11)
at com.bangladesh.PageAction.LoginPageAction.<init>(LoginPageAction.java:11)
at com.bangladesh.PageAction.LoginPageAction.<init>(LoginPageAction.java:11)
at com.bangladesh.PageAction.LoginPageAction.<init>(LoginPageAction.java:11)
at com.bangladesh.PageAction.LoginPageAction.<init>(LoginPageAction.java:11)
at com.bangladesh.PageAction.LoginPageAction.<init>(LoginPageAction.java:11)
at com.bangladesh.PageAction.LoginPageAction.<init>(LoginPageAction.java:11)
at com.bangladesh.PageAction.LoginPageAction.<init>(LoginPageAction.java:11)
at com.bangladesh.PageAction.LoginPageAction.<init>(LoginPageAction.java:11)
at com.bangladesh.PageAction.LoginPageAction.<init>(LoginPageAction.java:11)
at com.bangladesh.PageAction.LoginPageAction.<init>(LoginPageAction.java:11)
at com.bangladesh.PageAction.LoginPageAction.<init>(LoginPageAction.java:11)
at com.bangladesh.PageAction.LoginPageAction.<init>(LoginPageAction.java:11)
at com.bangladesh.PageAction.LoginPageAction.<init>(LoginPageAction.java:11)
at com.bangladesh.PageAction.LoginPageAction.<init>(LoginPageAction.java:11)
at com.bangladesh.PageAction.LoginPageAction.<init>(LoginPageAction.java:11)
at com.bangladesh.PageAction.LoginPageAction.<init>(LoginPageAction.java:11)
at com.bangladesh.PageAction.LoginPageAction.<init>(LoginPageAction.java:11)
at com.bangladesh.PageAction.LoginPageAction.<init>(LoginPageAction.java:11)
at com.bangladesh.PageAction.LoginPageAction.<init>(LoginPageAction.java:11)
at com.bangladesh.PageAction.LoginPageAction.<init>(LoginPageAction.java:11)
at com.bangladesh.PageAction.LoginPageAction.<init>(LoginPageAction.java:11)
at com.bangladesh.PageAction.LoginPageAction.<init>(LoginPageAction.java:11)
at com.bangladesh.PageAction.LoginPageAction.<init>(LoginPageAction.java:11)
at com.bangladesh.PageAction.LoginPageAction.<init>(LoginPageAction.java:11)
at com.bangladesh.PageAction.LoginPageAction.<init>(LoginPageAction.java:11)
at com.bangladesh.PageAction.LoginPageAction.<init>(LoginPageAction.java:11)
at com.bangladesh.PageAction.LoginPageAction.<init>(LoginPageAction.java:11)
at com.bangladesh.PageAction.LoginPageAction.<init>(LoginPageAction.java:11)
at com.bangladesh.PageAction.LoginPageAction.<init>(LoginPageAction.java:11)
at com.bangladesh.PageAction.LoginPageAction.<init>(LoginPageAction.java:11)
at com.bangladesh.PageAction.LoginPageAction.<init>(LoginPageAction.java:11)
at com.bangladesh.PageAction.LoginPageAction.<init>(LoginPageAction.java:11)
at com.bangladesh.PageAction.LoginPageAction.<init>(LoginPageAction.java:11)
at com.bangladesh.PageAction.LoginPageAction.<init>(LoginPageAction.java:11)
at com.bangladesh.PageAction.LoginPageAction.<init>(LoginPageAction.java:11)
at com.bangladesh.PageAction.LoginPageAction.<init>(LoginPageAction.java:11)
at com.bangladesh.PageAction.LoginPageAction.<init>(LoginPageAction.java:11)
at com.bangladesh.PageAction.LoginPageAction.<init>(LoginPageAction.java:11)
at com.bangladesh.PageAction.LoginPageAction.<init>(LoginPageAction.java:11)
at com.bangladesh.PageAction.LoginPageAction.<init>(LoginPageAction.java:11)
at com.bangladesh.PageAction.LoginPageAction.<init>(LoginPageAction.java:11)
at com.bangladesh.PageAction.LoginPageAction.<init>(LoginPageAction.java:11)
at com.bangladesh.PageAction.LoginPageAction.<init>(LoginPageAction.java:11)
at com.bangladesh.PageAction.LoginPageAction.<init>(LoginPageAction.java:11)
at com.bangladesh.PageAction.LoginPageAction.<init>(LoginPageAction.java:11)
at com.bangladesh.PageAction.LoginPageAction.<init>(LoginPageAction.java:11)
at com.bangladesh.PageAction.LoginPageAction.<init>(LoginPageAction.java:11)
at com.bangladesh.PageAction.LoginPageAction.<init>(LoginPageAction.java:11)
at com.bangladesh.PageAction.LoginPageAction.<init>(LoginPageAction.java:11)
at com.bangladesh.PageAction.LoginPageAction.<init>(LoginPageAction.java:11)
at com.bangladesh.PageAction.LoginPageAction.<init>(LoginPageAction.java:11)
at com.bangladesh.PageAction.LoginPageAction.<init>(LoginPageAction.java:11)
at com.bangladesh.PageAction.LoginPageAction.<init>(LoginPageAction.java:11)
at com.bangladesh.PageAction.LoginPageAction.<init>(LoginPageAction.java:11)
at com.bangladesh.PageAction.LoginPageAction.<init>(LoginPageAction.java:11)
at com.bangladesh.PageAction.LoginPageAction.<init>(LoginPageAction.java:11)
at com.bangladesh.PageAction.LoginPageAction.<init>(LoginPageAction.java:11)
at com.bangladesh.PageAction.LoginPageAction.<init>(LoginPageAction.java:11)
at com.bangladesh.PageAction.LoginPageAction.<init>(LoginPageAction.java:11)
at com.bangladesh.PageAction.LoginPageAction.<init>(LoginPageAction.java:11)
at com.bangladesh.PageAction.LoginPageAction.<init>(LoginPageAction.java:11)
at com.bangladesh.PageAction.LoginPageAction.<init>(LoginPageAction.java:11)
at com.bangladesh.PageAction.LoginPageAction.<init>(LoginPageAction.java:11)
at com.bangladesh.PageAction.LoginPageAction.<init>(LoginPageAction.java:11)
at com.bangladesh.PageAction.LoginPageAction.<init>(LoginPageAction.java:11)
at com.bangladesh.PageAction.LoginPageAction.<init>(LoginPageAction.java:11)
at com.bangladesh.PageAction.LoginPageAction.<init>(LoginPageAction.java:11)
at com.bangladesh.PageAction.LoginPageAction.<init>(LoginPageAction.java:11)
at com.bangladesh.PageAction.LoginPageAction.<init>(LoginPageAction.java:11)
at com.bangladesh.PageAction.LoginPageAction.<init>(LoginPageAction.java:11)
at com.bangladesh.PageAction.LoginPageAction.<init>(LoginPageAction.java:11)
at com.bangladesh.PageAction.LoginPageAction.<init>(LoginPageAction.java:11)
at com.bangladesh.PageAction.LoginPageAction.<init>(LoginPageAction.java:11)
at com.bangladesh.PageAction.LoginPageAction.<init>(LoginPageAction.java:11)
at com.bangladesh.PageAction.LoginPageAction.<init>(LoginPageAction.java:11)
at com.bangladesh.PageAction.LoginPageAction.<init>(LoginPageAction.java:11)
at com.bangladesh.PageAction.LoginPageAction.<init>(LoginPageAction.java:11)
at com.bangladesh.PageAction.LoginPageAction.<init>(LoginPageAction.java:11)
at com.bangladesh.PageAction.LoginPageAction.<init>(LoginPageAction.java:11)
at com.bangladesh.PageAction.LoginPageAction.<init>(LoginPageAction.java:11)
at com.bangladesh.PageAction.LoginPageAction.<init>(LoginPageAction.java:11)
at com.bangladesh.PageAction.LoginPageAction.<init>(LoginPageAction.java:11)
at com.bangladesh.PageAction.LoginPageAction.<init>(LoginPageAction.java:11)
at com.bangladesh.PageAction.LoginPageAction.<init>(LoginPageAction.java:11)
at com.bangladesh.PageAction.LoginPageAction.<init>(LoginPageAction.java:11)
at com.bangladesh.PageAction.LoginPageAction.<init>(LoginPageAction.java:11)
at com.bangladesh.PageAction.LoginPageAction.<init>(LoginPageAction.java:11)
at com.bangladesh.PageAction.LoginPageAction.<init>(LoginPageAction.java:11)
at com.bangladesh.PageAction.LoginPageAction.<init>(LoginPageAction.java:11)
at com.bangladesh.PageAction.LoginPageAction.<init>(LoginPageAction.java:11)
at com.bangladesh.PageAction.LoginPageAction.<init>(LoginPageAction.java:11)
at com.bangladesh.PageAction.LoginPageAction.<init>(LoginPageAction.java:11)
at com.bangladesh.PageAction.LoginPageAction.<init>(LoginPageAction.java:11)
at com.bangladesh.PageAction.LoginPageAction.<init>(LoginPageAction.java:11)
at com.bangladesh.PageAction.LoginPageAction.<init>(LoginPageAction.java:11)
at com.bangladesh.PageAction.LoginPageAction.<init>(LoginPageAction.java:11)
at com.bangladesh.PageAction.LoginPageAction.<init>(LoginPageAction.java:11)
at com.bangladesh.PageAction.LoginPageAction.<init>(LoginPageAction.java:11)
at com.bangladesh.PageAction.LoginPageAction.<init>(LoginPageAction.java:11)
at com.bangladesh.PageAction.LoginPageAction.<init>(LoginPageAction.java:11)
at com.bangladesh.PageAction.LoginPageAction.<init>(LoginPageAction.java:11)
at com.bangladesh.PageAction.LoginPageAction.<init>(LoginPageAction.java:11)
at com.bangladesh.PageAction.LoginPageAction.<init>(LoginPageAction.java:11)
at com.bangladesh.PageAction.LoginPageAction.<init>(LoginPageAction.java:11)
at com.bangladesh.PageAction.LoginPageAction.<init>(LoginPageAction.java:11)
at com.bangladesh.PageAction.LoginPageAction.<init>(LoginPageAction.java:11)
at com.bangladesh.PageAction.LoginPageAction.<init>(LoginPageAction.java:11)
at com.bangladesh.PageAction.LoginPageAction.<init>(LoginPageAction.java:11)
at com.bangladesh.PageAction.LoginPageAction.<init>(LoginPageAction.java:11)
at com.bangladesh.PageAction.LoginPageAction.<init>(LoginPageAction.java:11)
at com.bangladesh.PageAction.LoginPageAction.<init>(LoginPageAction.java:11)
at com.bangladesh.PageAction.LoginPageAction.<init>(LoginPageAction.java:11)
at com.bangladesh.PageAction.LoginPageAction.<init>(LoginPageAction.java:11)
at com.bangladesh.PageAction.LoginPageAction.<init>(LoginPageAction.java:11)
at com.bangladesh.PageAction.LoginPageAction.<init>(LoginPageAction.java:11)
at com.bangladesh.PageAction.LoginPageAction.<init>(LoginPageAction.java:11)
at com.bangladesh.PageAction.LoginPageAction.<init>(LoginPageAction.java:11)
at com.bangladesh.PageAction.LoginPageAction.<init>(LoginPageAction.java:11)
at com.bangladesh.PageAction.LoginPageAction.<init>(LoginPageAction.java:11)
at com.bangladesh.PageAction.LoginPageAction.<init>(LoginPageAction.java:11)
at com.bangladesh.PageAction.LoginPageAction.<init>(LoginPageAction.java:11)
at com.bangladesh.PageAction.LoginPageAction.<init>(LoginPageAction.java:11)
at com.bangladesh.PageAction.LoginPageAction.<init>(LoginPageAction.java:11)
at com.bangladesh.PageAction.LoginPageAction.<init>(LoginPageAction.java:11)
at com.bangladesh.PageAction.LoginPageAction.<init>(LoginPageAction.java:11)
at com.bangladesh.PageAction.LoginPageAction.<init>(LoginPageAction.java:11)
at com.bangladesh.PageAction.LoginPageAction.<init>(LoginPageAction.java:11)
at com.bangladesh.PageAction.LoginPageAction.<init>(LoginPageAction.java:11)
at com.bangladesh.PageAction.LoginPageAction.<init>(LoginPageAction.java:11)
at com.bangladesh.PageAction.LoginPageAction.<init>(LoginPageAction.java:11)
at com.bangladesh.PageAction.LoginPageAction.<init>(LoginPageAction.java:11)
at com.bangladesh.PageAction.LoginPageAction.<init>(LoginPageAction.java:11)
at com.bangladesh.PageAction.LoginPageAction.<init>(LoginPageAction.java:11)
at com.bangladesh.PageAction.LoginPageAction.<init>(LoginPageAction.java:11)
at com.bangladesh.PageAction.LoginPageAction.<init>(LoginPageAction.java:11)
at com.bangladesh.PageAction.LoginPageAction.<init>(LoginPageAction.java:11)
at com.bangladesh.PageAction.LoginPageAction.<init>(LoginPageAction.java:11)
at com.bangladesh.PageAction.LoginPageAction.<init>(LoginPageAction.java:11)
at com.bangladesh.PageAction.LoginPageAction.<init>(LoginPageAction.java:11)
at com.bangladesh.PageAction.LoginPageAction.<init>(LoginPageAction.java:11)
at com.bangladesh.PageAction.LoginPageAction.<init>(LoginPageAction.java:11)
at com.bangladesh.PageAction.LoginPageAction.<init>(LoginPageAction.java:11)
at com.bangladesh.PageAction.LoginPageAction.<init>(LoginPageAction.java:11)
at com.bangladesh.PageAction.LoginPageAction.<init>(LoginPageAction.java:11)
at com.bangladesh.PageAction.LoginPageAction.<init>(LoginPageAction.java:11)
at com.bangladesh.PageAction.LoginPageAction.<init>(LoginPageAction.java:11)
at com.bangladesh.PageAction.LoginPageAction.<init>(LoginPageAction.java:11)
at com.bangladesh.PageAction.LoginPageAction.<init>(LoginPageAction.java:11)
at com.bangladesh.PageAction.LoginPageAction.<init>(LoginPageAction.java:11)
at com.bangladesh.PageAction.LoginPageAction.<init>(LoginPageAction.java:11)
at com.bangladesh.PageAction.LoginPageAction.<init>(LoginPageAction.java:11)
at com.bangladesh.PageAction.LoginPageAction.<init>(LoginPageAction.java:11)
at com.bangladesh.PageAction.LoginPageAction.<init>(LoginPageAction.java:11)
at com.bangladesh.PageAction.LoginPageAction.<init>(LoginPageAction.java:11)
at com.bangladesh.PageAction.LoginPageAction.<init>(LoginPageAction.java:11)
at com.bangladesh.PageAction.LoginPageAction.<init>(LoginPageAction.java:11)
at com.bangladesh.PageAction.LoginPageAction.<init>(LoginPageAction.java:11)
at com.bangladesh.PageAction.LoginPageAction.<init>(LoginPageAction.java:11)
at com.bangladesh.PageAction.LoginPageAction.<init>(LoginPageAction.java:11)
at com.bangladesh.PageAction.LoginPageAction.<init>(LoginPageAction.java:11)
at com.bangladesh.PageAction.LoginPageAction.<init>(LoginPageAction.java:11)
at com.bangladesh.PageAction.LoginPageAction.<init>(LoginPageAction.java:11)
at com.bangladesh.PageAction.LoginPageAction.<init>(LoginPageAction.java:11)
at com.bangladesh.PageAction.LoginPageAction.<init>(LoginPageAction.java:11)
at com.bangladesh.PageAction.LoginPageAction.<init>(LoginPageAction.java:11)
at com.bangladesh.PageAction.LoginPageAction.<init>(LoginPageAction.java:11)
at com.bangladesh.PageAction.LoginPageAction.<init>(LoginPageAction.java:11)
at com.bangladesh.PageAction.LoginPageAction.<init>(LoginPageAction.java:11)
at com.bangladesh.PageAction.LoginPageAction.<init>(LoginPageAction.java:11)
at com.bangladesh.PageAction.LoginPageAction.<init>(LoginPageAction.java:11)
at com.bangladesh.PageAction.LoginPageAction.<init>(LoginPageAction.java:11)
at com.bangladesh.PageAction.LoginPageAction.<init>(LoginPageAction.java:11)
at com.bangladesh.PageAction.LoginPageAction.<init>(LoginPageAction.java:11)
at com.bangladesh.PageAction.LoginPageAction.<init>(LoginPageAction.java:11)
at com.bangladesh.PageAction.LoginPageAction.<init>(LoginPageAction.java:11)
at com.bangladesh.PageAction.LoginPageAction.<init>(LoginPageAction.java:11)
at com.bangladesh.PageAction.LoginPageAction.<init>(LoginPageAction.java:11)
at com.bangladesh.PageAction.LoginPageAction.<init>(LoginPageAction.java:11)
at com.bangladesh.PageAction.LoginPageAction.<init>(LoginPageAction.java:11)
at com.bangladesh.PageAction.LoginPageAction.<init>(LoginPageAction.java:11)
at com.bangladesh.PageAction.LoginPageAction.<init>(LoginPageAction.java:11)
at com.bangladesh.PageAction.LoginPageAction.<init>(LoginPageAction.java:11)
at com.bangladesh.PageAction.LoginPageAction.<init>(LoginPageAction.java:11)
at com.bangladesh.PageAction.LoginPageAction.<init>(LoginPageAction.java:11)
at com.bangladesh.PageAction.LoginPageAction.<init>(LoginPageAction.java:11)
at com.bangladesh.PageAction.LoginPageAction.<init>(LoginPageAction.java:11)
at com.bangladesh.PageAction.LoginPageAction.<init>(LoginPageAction.java:11)
at com.bangladesh.PageAction.LoginPageAction.<init>(LoginPageAction.java:11)
at com.bangladesh.PageAction.LoginPageAction.<init>(LoginPageAction.java:11)
at com.bangladesh.PageAction.LoginPageAction.<init>(LoginPageAction.java:11)
at com.bangladesh.PageAction.LoginPageAction.<init>(LoginPageAction.java:11)
at com.bangladesh.PageAction.LoginPageAction.<init>(LoginPageAction.java:11)
at com.bangladesh.PageAction.LoginPageAction.<init>(LoginPageAction.java:11)
at com.bangladesh.PageAction.LoginPageAction.<init>(LoginPageAction.java:11)
at com.bangladesh.PageAction.LoginPageAction.<init>(LoginPageAction.java:11)
at com.bangladesh.PageAction.LoginPageAction.<init>(LoginPageAction.java:11)
at com.bangladesh.PageAction.LoginPageAction.<init>(LoginPageAction.java:11)
at com.bangladesh.PageAction.LoginPageAction.<init>(LoginPageAction.java:11)
at com.bangladesh.PageAction.LoginPageAction.<init>(LoginPageAction.java:11)
at com.bangladesh.PageAction.LoginPageAction.<init>(LoginPageAction.java:11)
at com.bangladesh.PageAction.LoginPageAction.<init>(LoginPageAction.java:11)
at com.bangladesh.PageAction.LoginPageAction.<init>(LoginPageAction.java:11)
at com.bangladesh.PageAction.LoginPageAction.<init>(LoginPageAction.java:11)
at com.bangladesh.PageAction.LoginPageAction.<init>(LoginPageAction.java:11)
at com.bangladesh.PageAction.LoginPageAction.<init>(LoginPageAction.java:11)
at com.bangladesh.PageAction.LoginPageAction.<init>(LoginPageAction.java:11)
at com.bangladesh.PageAction.LoginPageAction.<init>(LoginPageAction.java:11)
at com.bangladesh.PageAction.LoginPageAction.<init>(LoginPageAction.java:11)
at com.bangladesh.PageAction.LoginPageAction.<init>(LoginPageAction.java:11)
at com.bangladesh.PageAction.LoginPageAction.<init>(LoginPageAction.java:11)
at com.bangladesh.PageAction.LoginPageAction.<init>(LoginPageAction.java:11)
at com.bangladesh.PageAction.LoginPageAction.<init>(LoginPageAction.java:11)
at com.bangladesh.PageAction.LoginPageAction.<init>(LoginPageAction.java:11)
at com.bangladesh.PageAction.LoginPageAction.<init>(LoginPageAction.java:11)
at com.bangladesh.PageAction.LoginPageAction.<init>(LoginPageAction.java:11)
at com.bangladesh.PageAction.LoginPageAction.<init>(LoginPageAction.java:11)
at com.bangladesh.PageAction.LoginPageAction.<init>(LoginPageAction.java:11)
at com.bangladesh.PageAction.LoginPageAction.<init>(LoginPageAction.java:11)
at com.bangladesh.PageAction.LoginPageAction.<init>(LoginPageAction.java:11)
at com.bangladesh.PageAction.LoginPageAction.<init>(LoginPageAction.java:11)
at com.bangladesh.PageAction.LoginPageAction.<init>(LoginPageAction.java:11)
at com.bangladesh.PageAction.LoginPageAction.<init>(LoginPageAction.java:11)
at com.bangladesh.PageAction.LoginPageAction.<init>(LoginPageAction.java:11)
at com.bangladesh.PageAction.LoginPageAction.<init>(LoginPageAction.java:11)
at com.bangladesh.PageAction.LoginPageAction.<init>(LoginPageAction.java:11)
at com.bangladesh.PageAction.LoginPageAction.<init>(LoginPageAction.java:11)
at com.bangladesh.PageAction.LoginPageAction.<init>(LoginPageAction.java:11)
at com.bangladesh.PageAction.LoginPageAction.<init>(LoginPageAction.java:11)
at com.bangladesh.PageAction.LoginPageAction.<init>(LoginPageAction.java:11)
at com.bangladesh.PageAction.LoginPageAction.<init>(LoginPageAction.java:11)
at com.bangladesh.PageAction.LoginPageAction.<init>(LoginPageAction.java:11)
at com.bangladesh.PageAction.LoginPageAction.<init>(LoginPageAction.java:11)
at com.bangladesh.PageAction.LoginPageAction.<init>(LoginPageAction.java:11)
at com.bangladesh.PageAction.LoginPageAction.<init>(LoginPageAction.java:11)
at com.bangladesh.PageAction.LoginPageAction.<init>(LoginPageAction.java:11)
at com.bangladesh.PageAction.LoginPageAction.<init>(LoginPageAction.java:11)
at com.bangladesh.PageAction.LoginPageAction.<init>(LoginPageAction.java:11)
at com.bangladesh.PageAction.LoginPageAction.<init>(LoginPageAction.java:11)
at com.bangladesh.PageAction.LoginPageAction.<init>(LoginPageAction.java:11)
at com.bangladesh.PageAction.LoginPageAction.<init>(LoginPageAction.java:11)
at com.bangladesh.PageAction.LoginPageAction.<init>(LoginPageAction.java:11)
at com.bangladesh.PageAction.LoginPageAction.<init>(LoginPageAction.java:11)
at com.bangladesh.PageAction.LoginPageAction.<init>(LoginPageAction.java:11)
at com.bangladesh.PageAction.LoginPageAction.<init>(LoginPageAction.java:11)
at com.bangladesh.PageAction.LoginPageAction.<init>(LoginPageAction.java:11)
at com.bangladesh.PageAction.LoginPageAction.<init>(LoginPageAction.java:11)
at com.bangladesh.PageAction.LoginPageAction.<init>(LoginPageAction.java:11)
at com.bangladesh.PageAction.LoginPageAction.<init>(LoginPageAction.java:11)
at com.bangladesh.PageAction.LoginPageAction.<init>(LoginPageAction.java:11)
at com.bangladesh.PageAction.LoginPageAction.<init>(LoginPageAction.java:11)
at com.bangladesh.PageAction.LoginPageAction.<init>(LoginPageAction.java:11)
at com.bangladesh.PageAction.LoginPageAction.<init>(LoginPageAction.java:11)
at com.bangladesh.PageAction.LoginPageAction.<init>(LoginPageAction.java:11)
at com.bangladesh.PageAction.LoginPageAction.<init>(LoginPageAction.java:11)
at com.bangladesh.PageAction.LoginPageAction.<init>(LoginPageAction.java:11)
at com.bangladesh.PageAction.LoginPageAction.<init>(LoginPageAction.java:11)
at com.bangladesh.PageAction.LoginPageAction.<init>(LoginPageAction.java:11)
at com.bangladesh.PageAction.LoginPageAction.<init>(LoginPageAction.java:11)
at com.bangladesh.PageAction.LoginPageAction.<init>(LoginPageAction.java:11)
at com.bangladesh.PageAction.LoginPageAction.<init>(LoginPageAction.java:11)
at com.bangladesh.PageAction.LoginPageAction.<init>(LoginPageAction.java:11)
at com.bangladesh.PageAction.LoginPageAction.<init>(LoginPageAction.java:11)
at com.bangladesh.PageAction.LoginPageAction.<init>(LoginPageAction.java:11)
at com.bangladesh.PageAction.LoginPageAction.<init>(LoginPageAction.java:11)
at com.bangladesh.PageAction.LoginPageAction.<init>(LoginPageAction.java:11)
at com.bangladesh.PageAction.LoginPageAction.<init>(LoginPageAction.java:11)
at com.bangladesh.PageAction.LoginPageAction.<init>(LoginPageAction.java:11)
at com.bangladesh.PageAction.LoginPageAction.<init>(LoginPageAction.java:11)
at com.bangladesh.PageAction.LoginPageAction.<init>(LoginPageAction.java:11)
at com.bangladesh.PageAction.LoginPageAction.<init>(LoginPageAction.java:11)
at com.bangladesh.PageAction.LoginPageAction.<init>(LoginPageAction.java:11)
at com.bangladesh.PageAction.LoginPageAction.<init>(LoginPageAction.java:11)
at com.bangladesh.PageAction.LoginPageAction.<init>(LoginPageAction.java:11)
at com.bangladesh.PageAction.LoginPageAction.<init>(LoginPageAction.java:11)
at com.bangladesh.PageAction.LoginPageAction.<init>(LoginPageAction.java:11)
at com.bangladesh.PageAction.LoginPageAction.<init>(LoginPageAction.java:11)
at com.bangladesh.PageAction.LoginPageAction.<init>(LoginPageAction.java:11)
at com.bangladesh.PageAction.LoginPageAction.<init>(LoginPageAction.java:11)
at com.bangladesh.PageAction.LoginPageAction.<init>(LoginPageAction.java:11)
at com.bangladesh.PageAction.LoginPageAction.<init>(LoginPageAction.java:11)
at com.bangladesh.PageAction.LoginPageAction.<init>(LoginPageAction.java:11)
at com.bangladesh.PageAction.LoginPageAction.<init>(LoginPageAction.java:11)
at com.bangladesh.PageAction.LoginPageAction.<init>(LoginPageAction.java:11)
at com.bangladesh.PageAction.LoginPageAction.<init>(LoginPageAction.java:11)
at com.bangladesh.PageAction.LoginPageAction.<init>(LoginPageAction.java:11)
at com.bangladesh.PageAction.LoginPageAction.<init>(LoginPageAction.java:11)
at com.bangladesh.PageAction.LoginPageAction.<init>(LoginPageAction.java:11)
at com.bangladesh.PageAction.LoginPageAction.<init>(LoginPageAction.java:11)
at com.bangladesh.PageAction.LoginPageAction.<init>(LoginPageAction.java:11)
at com.bangladesh.PageAction.LoginPageAction.<init>(LoginPageAction.java:11)
at com.bangladesh.PageAction.LoginPageAction.<init>(LoginPageAction.java:11)
at com.bangladesh.PageAction.LoginPageAction.<init>(LoginPageAction.java:11)
at com.bangladesh.PageAction.LoginPageAction.<init>(LoginPageAction.java:11)
at com.bangladesh.PageAction.LoginPageAction.<init>(LoginPageAction.java:11)
at com.bangladesh.PageAction.LoginPageAction.<init>(LoginPageAction.java:11)
at com.bangladesh.PageAction.LoginPageAction.<init>(LoginPageAction.java:11)
at com.bangladesh.PageAction.LoginPageAction.<init>(LoginPageAction.java:11)
at com.bangladesh.PageAction.LoginPageAction.<init>(LoginPageAction.java:11)
at com.bangladesh.PageAction.LoginPageAction.<init>(LoginPageAction.java:11)
at com.bangladesh.PageAction.LoginPageAction.<init>(LoginPageAction.java:11)
at com.bangladesh.PageAction.LoginPageAction.<init>(LoginPageAction.java:11)
at com.bangladesh.PageAction.LoginPageAction.<init>(LoginPageAction.java:11)
at com.bangladesh.PageAction.LoginPageAction.<init>(LoginPageAction.java:11)
at com.bangladesh.PageAction.LoginPageAction.<init>(LoginPageAction.java:11)
at com.bangladesh.PageAction.LoginPageAction.<init>(LoginPageAction.java:11)
at com.bangladesh.PageAction.LoginPageAction.<init>(LoginPageAction.java:11)
at com.bangladesh.PageAction.LoginPageAction.<init>(LoginPageAction.java:11)
at com.bangladesh.PageAction.LoginPageAction.<init>(LoginPageAction.java:11)
at com.bangladesh.PageAction.LoginPageAction.<init>(LoginPageAction.java:11)
at com.bangladesh.PageAction.LoginPageAction.<init>(LoginPageAction.java:11)
at com.bangladesh.PageAction.LoginPageAction.<init>(LoginPageAction.java:11)
at com.bangladesh.PageAction.LoginPageAction.<init>(LoginPageAction.java:11)
at com.bangladesh.PageAction.LoginPageAction.<init>(LoginPageAction.java:11)
at com.bangladesh.PageAction.LoginPageAction.<init>(LoginPageAction.java:11)
at com.bangladesh.PageAction.LoginPageAction.<init>(LoginPageAction.java:11)
at com.bangladesh.PageAction.LoginPageAction.<init>(LoginPageAction.java:11)
at com.bangladesh.PageAction.LoginPageAction.<init>(LoginPageAction.java:11)
at com.bangladesh.PageAction.LoginPageAction.<init>(LoginPageAction.java:11)
at com.bangladesh.PageAction.LoginPageAction.<init>(LoginPageAction.java:11)
at com.bangladesh.PageAction.LoginPageAction.<init>(LoginPageAction.java:11)
at com.bangladesh.PageAction.LoginPageAction.<init>(LoginPageAction.java:11)
at com.bangladesh.PageAction.LoginPageAction.<init>(LoginPageAction.java:11)
at com.bangladesh.PageAction.LoginPageAction.<init>(LoginPageAction.java:11)
at com.bangladesh.PageAction.LoginPageAction.<init>(LoginPageAction.java:11)
at com.bangladesh.PageAction.LoginPageAction.<init>(LoginPageAction.java:11)
at com.bangladesh.PageAction.LoginPageAction.<init>(LoginPageAction.java:11)
at com.bangladesh.PageAction.LoginPageAction.<init>(LoginPageAction.java:11)
at com.bangladesh.PageAction.LoginPageAction.<init>(LoginPageAction.java:11)
at com.bangladesh.PageAction.LoginPageAction.<init>(LoginPageAction.java:11)
at com.bangladesh.PageAction.LoginPageAction.<init>(LoginPageAction.java:11)
at com.bangladesh.PageAction.LoginPageAction.<init>(LoginPageAction.java:11)
at com.bangladesh.PageAction.LoginPageAction.<init>(LoginPageAction.java:11)
at com.bangladesh.PageAction.LoginPageAction.<init>(LoginPageAction.java:11)
at com.bangladesh.PageAction.LoginPageAction.<init>(LoginPageAction.java:11)
at com.bangladesh.PageAction.LoginPageAction.<init>(LoginPageAction.java:11)
at com.bangladesh.PageAction.LoginPageAction.<init>(LoginPageAction.java:11)
at com.bangladesh.PageAction.LoginPageAction.<init>(LoginPageAction.java:11)
at com.bangladesh.PageAction.LoginPageAction.<init>(LoginPageAction.java:11)
at com.bangladesh.PageAction.LoginPageAction.<init>(LoginPageAction.java:11)
at com.bangladesh.PageAction.LoginPageAction.<init>(LoginPageAction.java:11)
at com.bangladesh.PageAction.LoginPageAction.<init>(LoginPageAction.java:11)
at com.bangladesh.PageAction.LoginPageAction.<init>(LoginPageAction.java:11)
at com.bangladesh.PageAction.LoginPageAction.<init>(LoginPageAction.java:11)
at com.bangladesh.PageAction.LoginPageAction.<init>(LoginPageAction.java:11)
at com.bangladesh.PageAction.LoginPageAction.<init>(LoginPageAction.java:11)
at com.bangladesh.PageAction.LoginPageAction.<init>(LoginPageAction.java:11)
at com.bangladesh.PageAction.LoginPageAction.<init>(LoginPageAction.java:11)
at com.bangladesh.PageAction.LoginPageAction.<init>(LoginPageAction.java:11)
at com.bangladesh.PageAction.LoginPageAction.<init>(LoginPageAction.java:11)
at com.bangladesh.PageAction.LoginPageAction.<init>(LoginPageAction.java:11)
at com.bangladesh.PageAction.LoginPageAction.<init>(LoginPageAction.java:11)
at com.bangladesh.PageAction.LoginPageAction.<init>(LoginPageAction.java:11)
at com.bangladesh.PageAction.LoginPageAction.<init>(LoginPageAction.java:11)
at com.bangladesh.PageAction.LoginPageAction.<init>(LoginPageAction.java:11)
at com.bangladesh.PageAction.LoginPageAction.<init>(LoginPageAction.java:11)
at com.bangladesh.PageAction.LoginPageAction.<init>(LoginPageAction.java:11)
at com.bangladesh.PageAction.LoginPageAction.<init>(LoginPageAction.java:11)
at com.bangladesh.PageAction.LoginPageAction.<init>(LoginPageAction.java:11)
at com.bangladesh.PageAction.LoginPageAction.<init>(LoginPageAction.java:11)
at com.bangladesh.PageAction.LoginPageAction.<init>(LoginPageAction.java:11)
at com.bangladesh.PageAction.LoginPageAction.<init>(LoginPageAction.java:11)
at com.bangladesh.PageAction.LoginPageAction.<init>(LoginPageAction.java:11)
at com.bangladesh.PageAction.LoginPageAction.<init>(LoginPageAction.java:11)
at com.bangladesh.PageAction.LoginPageAction.<init>(LoginPageAction.java:11)
at com.bangladesh.PageAction.LoginPageAction.<init>(LoginPageAction.java:11)
at com.bangladesh.PageAction.LoginPageAction.<init>(LoginPageAction.java:11)
at com.bangladesh.PageAction.LoginPageAction.<init>(LoginPageAction.java:11)
at com.bangladesh.PageAction.LoginPageAction.<init>(LoginPageAction.java:11)
at com.bangladesh.PageAction.LoginPageAction.<init>(LoginPageAction.java:11)
at com.bangladesh.PageAction.LoginPageAction.<init>(LoginPageAction.java:11)
at com.bangladesh.PageAction.LoginPageAction.<init>(LoginPageAction.java:11)
at com.bangladesh.PageAction.LoginPageAction.<init>(LoginPageAction.java:11)
at com.bangladesh.PageAction.LoginPageAction.<init>(LoginPageAction.java:11)
at com.bangladesh.PageAction.LoginPageAction.<init>(LoginPageAction.java:11)
at com.bangladesh.PageAction.LoginPageAction.<init>(LoginPageAction.java:11)
at com.bangladesh.PageAction.LoginPageAction.<init>(LoginPageAction.java:11)
at com.bangladesh.PageAction.LoginPageAction.<init>(LoginPageAction.java:11)
at com.bangladesh.PageAction.LoginPageAction.<init>(LoginPageAction.java:11)
at com.bangladesh.PageAction.LoginPageAction.<init>(LoginPageAction.java:11)
at com.bangladesh.PageAction.LoginPageAction.<init>(LoginPageAction.java:11)
at com.bangladesh.PageAction.LoginPageAction.<init>(LoginPageAction.java:11)
at com.bangladesh.PageAction.LoginPageAction.<init>(LoginPageAction.java:11)
at com.bangladesh.PageAction.LoginPageAction.<init>(LoginPageAction.java:11)
at com.bangladesh.PageAction.LoginPageAction.<init>(LoginPageAction.java:11)
at com.bangladesh.PageAction.LoginPageAction.<init>(LoginPageAction.java:11)
at com.bangladesh.PageAction.LoginPageAction.<init>(LoginPageAction.java:11)
at com.bangladesh.PageAction.LoginPageAction.<init>(LoginPageAction.java:11)
at com.bangladesh.PageAction.LoginPageAction.<init>(LoginPageAction.java:11)
at com.bangladesh.PageAction.LoginPageAction.<init>(LoginPageAction.java:11)
at com.bangladesh.PageAction.LoginPageAction.<init>(LoginPageAction.java:11)
at com.bangladesh.PageAction.LoginPageAction.<init>(LoginPageAction.java:11)
at com.bangladesh.PageAction.LoginPageAction.<init>(LoginPageAction.java:11)
at com.bangladesh.PageAction.LoginPageAction.<init>(LoginPageAction.java:11)
at com.bangladesh.PageAction.LoginPageAction.<init>(LoginPageAction.java:11)
at com.bangladesh.PageAction.LoginPageAction.<init>(LoginPageAction.java:11)
at com.bangladesh.PageAction.LoginPageAction.<init>(LoginPageAction.java:11)
at com.bangladesh.PageAction.LoginPageAction.<init>(LoginPageAction.java:11)
at com.bangladesh.PageAction.LoginPageAction.<init>(LoginPageAction.java:11)
at com.bangladesh.PageAction.LoginPageAction.<init>(LoginPageAction.java:11)
at com.bangladesh.PageAction.LoginPageAction.<init>(LoginPageAction.java:11)
at com.bangladesh.PageAction.LoginPageAction.<init>(LoginPageAction.java:11)
at com.bangladesh.PageAction.LoginPageAction.<init>(LoginPageAction.java:11)
at com.bangladesh.PageAction.LoginPageAction.<init>(LoginPageAction.java:11)
at com.bangladesh.PageAction.LoginPageAction.<init>(LoginPageAction.java:11)
at com.bangladesh.PageAction.LoginPageAction.<init>(LoginPageAction.java:11)
at com.bangladesh.PageAction.LoginPageAction.<init>(LoginPageAction.java:11)
at com.bangladesh.PageAction.LoginPageAction.<init>(LoginPageAction.java:11)
at com.bangladesh.PageAction.LoginPageAction.<init>(LoginPageAction.java:11)
at com.bangladesh.PageAction.LoginPageAction.<init>(LoginPageAction.java:11)
at com.bangladesh.PageAction.LoginPageAction.<init>(LoginPageAction.java:11)
at com.bangladesh.PageAction.LoginPageAction.<init>(LoginPageAction.java:11)
at com.bangladesh.PageAction.LoginPageAction.<init>(LoginPageAction.java:11)
at com.bangladesh.PageAction.LoginPageAction.<init>(LoginPageAction.java:11)
at com.bangladesh.PageAction.LoginPageAction.<init>(LoginPageAction.java:11)
at com.bangladesh.PageAction.LoginPageAction.<init>(LoginPageAction.java:11)
at com.bangladesh.PageAction.LoginPageAction.<init>(LoginPageAction.java:11)
at com.bangladesh.PageAction.LoginPageAction.<init>(LoginPageAction.java:11)
at com.bangladesh.PageAction.LoginPageAction.<init>(LoginPageAction.java:11)
at com.bangladesh.PageAction.LoginPageAction.<init>(LoginPageAction.java:11)
at com.bangladesh.PageAction.LoginPageAction.<init>(LoginPageAction.java:11)
at com.bangladesh.PageAction.LoginPageAction.<init>(LoginPageAction.java:11)
at com.bangladesh.PageAction.LoginPageAction.<init>(LoginPageAction.java:11)
at com.bangladesh.PageAction.LoginPageAction.<init>(LoginPageAction.java:11)
at com.bangladesh.PageAction.LoginPageAction.<init>(LoginPageAction.java:11)
at com.bangladesh.PageAction.LoginPageAction.<init>(LoginPageAction.java:11)
at com.bangladesh.PageAction.LoginPageAction.<init>(LoginPageAction.java:11)
at com.bangladesh.PageAction.LoginPageAction.<init>(LoginPageAction.java:11)
at com.bangladesh.PageAction.LoginPageAction.<init>(LoginPageAction.java:11)
at com.bangladesh.PageAction.LoginPageAction.<init>(LoginPageAction.java:11)
at com.bangladesh.PageAction.LoginPageAction.<init>(LoginPageAction.java:11)
at com.bangladesh.PageAction.LoginPageAction.<init>(LoginPageAction.java:11)
at com.bangladesh.PageAction.LoginPageAction.<init>(LoginPageAction.java:11)
at com.bangladesh.PageAction.LoginPageAction.<init>(LoginPageAction.java:11)
at com.bangladesh.PageAction.LoginPageAction.<init>(LoginPageAction.java:11)
at com.bangladesh.PageAction.LoginPageAction.<init>(LoginPageAction.java:11)
at com.bangladesh.PageAction.LoginPageAction.<init>(LoginPageAction.java:11)
at com.bangladesh.PageAction.LoginPageAction.<init>(LoginPageAction.java:11)
at com.bangladesh.PageAction.LoginPageAction.<init>(LoginPageAction.java:11)
at com.bangladesh.PageAction.LoginPageAction.<init>(LoginPageAction.java:11)
at com.bangladesh.PageAction.LoginPageAction.<init>(LoginPageAction.java:11)
at com.bangladesh.PageAction.LoginPageAction.<init>(LoginPageAction.java:11)
at com.bangladesh.PageAction.LoginPageAction.<init>(LoginPageAction.java:11)
at com.bangladesh.PageAction.LoginPageAction.<init>(LoginPageAction.java:11)
at com.bangladesh.PageAction.LoginPageAction.<init>(LoginPageAction.java:11)
at com.bangladesh.PageAction.LoginPageAction.<init>(LoginPageAction.java:11)
at com.bangladesh.PageAction.LoginPageAction.<init>(LoginPageAction.java:11)
at com.bangladesh.PageAction.LoginPageAction.<init>(LoginPageAction.java:11)
at com.bangladesh.PageAction.LoginPageAction.<init>(LoginPageAction.java:11)
at com.bangladesh.PageAction.LoginPageAction.<init>(LoginPageAction.java:11)
at com.bangladesh.PageAction.LoginPageAction.<init>(LoginPageAction.java:11)
at com.bangladesh.PageAction.LoginPageAction.<init>(LoginPageAction.java:11)
at com.bangladesh.PageAction.LoginPageAction.<init>(LoginPageAction.java:11)
at com.bangladesh.PageAction.LoginPageAction.<init>(LoginPageAction.java:11)
at com.bangladesh.PageAction.LoginPageAction.<init>(LoginPageAction.java:11)
at com.bangladesh.PageAction.LoginPageAction.<init>(LoginPageAction.java:11)
at com.bangladesh.PageAction.LoginPageAction.<init>(LoginPageAction.java:11)
at com.bangladesh.PageAction.LoginPageAction.<init>(LoginPageAction.java:11)
at com.bangladesh.PageAction.LoginPageAction.<init>(LoginPageAction.java:11)
at com.bangladesh.PageAction.LoginPageAction.<init>(LoginPageAction.java:11)
at com.bangladesh.PageAction.LoginPageAction.<init>(LoginPageAction.java:11)
at com.bangladesh.PageAction.LoginPageAction.<init>(LoginPageAction.java:11)
at com.bangladesh.PageAction.LoginPageAction.<init>(LoginPageAction.java:11)
at com.bangladesh.PageAction.LoginPageAction.<init>(LoginPageAction.java:11)
at com.bangladesh.PageAction.LoginPageAction.<init>(LoginPageAction.java:11)
at com.bangladesh.PageAction.LoginPageAction.<init>(LoginPageAction.java:11)
at com.bangladesh.PageAction.LoginPageAction.<init>(LoginPageAction.java:11)
at com.bangladesh.PageAction.LoginPageAction.<init>(LoginPageAction.java:11)
at com.bangladesh.PageAction.LoginPageAction.<init>(LoginPageAction.java:11)
at com.bangladesh.PageAction.LoginPageAction.<init>(LoginPageAction.java:11)
at com.bangladesh.PageAction.LoginPageAction.<init>(LoginPageAction.java:11)
at com.bangladesh.PageAction.LoginPageAction.<init>(LoginPageAction.java:11)
at com.bangladesh.PageAction.LoginPageAction.<init>(LoginPageAction.java:11)
at com.bangladesh.PageAction.LoginPageAction.<init>(LoginPageAction.java:11)
at com.bangladesh.PageAction.LoginPageAction.<init>(LoginPageAction.java:11)
at com.bangladesh.PageAction.LoginPageAction.<init>(LoginPageAction.java:11)
at com.bangladesh.PageAction.LoginPageAction.<init>(LoginPageAction.java:11)
at com.bangladesh.PageAction.LoginPageAction.<init>(LoginPageAction.java:11)
at com.bangladesh.PageAction.LoginPageAction.<init>(LoginPageAction.java:11)
at com.bangladesh.PageAction.LoginPageAction.<init>(LoginPageAction.java:11)
at com.bangladesh.PageAction.LoginPageAction.<init>(LoginPageAction.java:11)
at com.bangladesh.PageAction.LoginPageAction.<init>(LoginPageAction.java:11)
at com.bangladesh.PageAction.LoginPageAction.<init>(LoginPageAction.java:11)
at com.bangladesh.PageAction.LoginPageAction.<init>(LoginPageAction.java:11)
at com.bangladesh.PageAction.LoginPageAction.<init>(LoginPageAction.java:11)
at com.bangladesh.PageAction.LoginPageAction.<init>(LoginPageAction.java:11)
at com.bangladesh.PageAction.LoginPageAction.<init>(LoginPageAction.java:11)
at com.bangladesh.PageAction.LoginPageAction.<init>(LoginPageAction.java:11)
at com.bangladesh.PageAction.LoginPageAction.<init>(LoginPageAction.java:11)
at com.bangladesh.PageAction.LoginPageAction.<init>(LoginPageAction.java:11)
at com.bangladesh.PageAction.LoginPageAction.<init>(LoginPageAction.java:11)
at com.bangladesh.PageAction.LoginPageAction.<init>(LoginPageAction.java:11)
at com.bangladesh.PageAction.LoginPageAction.<init>(LoginPageAction.java:11)
at com.bangladesh.PageAction.LoginPageAction.<init>(LoginPageAction.java:11)
at com.bangladesh.PageAction.LoginPageAction.<init>(LoginPageAction.java:11)
at com.bangladesh.PageAction.LoginPageAction.<init>(LoginPageAction.java:11)
at com.bangladesh.PageAction.LoginPageAction.<init>(LoginPageAction.java:11)
at com.bangladesh.PageAction.LoginPageAction.<init>(LoginPageAction.java:11)
at com.bangladesh.PageAction.LoginPageAction.<init>(LoginPageAction.java:11)
at com.bangladesh.PageAction.LoginPageAction.<init>(LoginPageAction.java:11)
at com.bangladesh.PageAction.LoginPageAction.<init>(LoginPageAction.java:11)
at com.bangladesh.PageAction.LoginPageAction.<init>(LoginPageAction.java:11)
at com.bangladesh.PageAction.LoginPageAction.<init>(LoginPageAction.java:11)
at com.bangladesh.PageAction.LoginPageAction.<init>(LoginPageAction.java:11)
at com.bangladesh.PageAction.LoginPageAction.<init>(LoginPageAction.java:11)
at com.bangladesh.PageAction.LoginPageAction.<init>(LoginPageAction.java:11)
at com.bangladesh.PageAction.LoginPageAction.<init>(LoginPageAction.java:11)
at com.bangladesh.PageAction.LoginPageAction.<init>(LoginPageAction.java:11)
at com.bangladesh.PageAction.LoginPageAction.<init>(LoginPageAction.java:11)
at com.bangladesh.PageAction.LoginPageAction.<init>(LoginPageAction.java:11)
at com.bangladesh.PageAction.LoginPageAction.<init>(LoginPageAction.java:11)
at com.bangladesh.PageAction.LoginPageAction.<init>(LoginPageAction.java:11)
at com.bangladesh.PageAction.LoginPageAction.<init>(LoginPageAction.java:11)
at com.bangladesh.PageAction.LoginPageAction.<init>(LoginPageAction.java:11)
at com.bangladesh.PageAction.LoginPageAction.<init>(LoginPageAction.java:11)
at com.bangladesh.PageAction.LoginPageAction.<init>(LoginPageAction.java:11)
at com.bangladesh.PageAction.LoginPageAction.<init>(LoginPageAction.java:11)
at com.bangladesh.PageAction.LoginPageAction.<init>(LoginPageAction.java:11)
at com.bangladesh.PageAction.LoginPageAction.<init>(LoginPageAction.java:11)
at com.bangladesh.PageAction.LoginPageAction.<init>(LoginPageAction.java:11)
at com.bangladesh.PageAction.LoginPageAction.<init>(LoginPageAction.java:11)
at com.bangladesh.PageAction.LoginPageAction.<init>(LoginPageAction.java:11)
at com.bangladesh.PageAction.LoginPageAction.<init>(LoginPageAction.java:11)
at com.bangladesh.PageAction.LoginPageAction.<init>(LoginPageAction.java:11)
at com.bangladesh.PageAction.LoginPageAction.<init>(LoginPageAction.java:11)
at com.bangladesh.PageAction.LoginPageAction.<init>(LoginPageAction.java:11)
at com.bangladesh.PageAction.LoginPageAction.<init>(LoginPageAction.java:11)
at com.bangladesh.PageAction.LoginPageAction.<init>(LoginPageAction.java:11)
at com.bangladesh.PageAction.LoginPageAction.<init>(LoginPageAction.java:11)
at com.bangladesh.PageAction.LoginPageAction.<init>(LoginPageAction.java:11)
at com.bangladesh.PageAction.LoginPageAction.<init>(LoginPageAction.java:11)
at com.bangladesh.PageAction.LoginPageAction.<init>(LoginPageAction.java:11)
at com.bangladesh.PageAction.LoginPageAction.<init>(LoginPageAction.java:11)
at com.bangladesh.PageAction.LoginPageAction.<init>(LoginPageAction.java:11)
at com.bangladesh.PageAction.LoginPageAction.<init>(LoginPageAction.java:11)
at com.bangladesh.PageAction.LoginPageAction.<init>(LoginPageAction.java:11)
at com.bangladesh.PageAction.LoginPageAction.<init>(LoginPageAction.java:11)
at com.bangladesh.PageAction.LoginPageAction.<init>(LoginPageAction.java:11)
at com.bangladesh.PageAction.LoginPageAction.<init>(LoginPageAction.java:11)
at com.bangladesh.PageAction.LoginPageAction.<init>(LoginPageAction.java:11)
at com.bangladesh.PageAction.LoginPageAction.<init>(LoginPageAction.java:11)
at com.bangladesh.PageAction.LoginPageAction.<init>(LoginPageAction.java:11)
at com.bangladesh.PageAction.LoginPageAction.<init>(LoginPageAction.java:11)
at com.bangladesh.PageAction.LoginPageAction.<init>(LoginPageAction.java:11)
at com.bangladesh.PageAction.LoginPageAction.<init>(LoginPageAction.java:11)
at com.bangladesh.PageAction.LoginPageAction.<init>(LoginPageAction.java:11)
at com.bangladesh.PageAction.LoginPageAction.<init>(LoginPageAction.java:11)
at ✽.Then Click signinbutton(LoginBD.feature:7)
]]>
    </failure>
  </testcase> <!-- feature -->
</testsuite> <!-- Default test -->
