-------------------------------------------------------------------------------
Test set: TestSuite
-------------------------------------------------------------------------------
Tests run: 1, Failures: 1, Errors: 0, Skipped: 0, Time elapsed: 9.079 s <<< FAILURE! - in TestSuite
feature(com.bangladesh.TestRunner.TestRunnerBD)  Time elapsed: 4.514 s  <<< FAILURE!
cucumber.runtime.CucumberException: java.lang.StackOverflowError
Caused by: java.lang.StackOverflowError

